#
# There is insufficient memory for the Java Runtime Environment to continue.
# Native memory allocation (malloc) failed to allocate 237136 bytes. Error detail: Chunk::new
# Possible reasons:
#   The system is out of physical RAM or swap space
#   This process is running with CompressedOops enabled, and the Java Heap may be blocking the growth of the native heap
# Possible solutions:
#   Reduce memory load on the system
#   Increase physical memory or swap space
#   Check if swap backing store is full
#   Decrease Java heap size (-Xmx/-Xms)
#   Decrease number of Java threads
#   Decrease Java thread stack sizes (-Xss)
#   Set larger code cache with -XX:ReservedCodeCacheSize=
#   JVM is running with Unscaled Compressed Oops mode in which the Java heap is
#     placed in the first 4GB address space. The Java Heap base address is the
#     maximum limit for the native heap growth. Please use -XX:HeapBaseMinAddress
#     to set the Java Heap base and to place the Java Heap above 4GB virtual address.
# This output file may be truncated or incomplete.
#
#  Out of Memory Error (arena.cpp:168), pid=12876, tid=5312
#
# JRE version: OpenJDK Runtime Environment Temurin-21.0.9+10 (21.0.9+10) (build 21.0.9+10-LTS)
# Java VM: OpenJDK 64-Bit Server VM Temurin-21.0.9+10 (21.0.9+10-LTS, mixed mode, sharing, tiered, compressed oops, compressed class ptrs, parallel gc, windows-amd64)
# No core dump will be written. Minidumps are not enabled by default on client versions of Windows
#

---------------  S U M M A R Y ------------

Command Line: --add-modules=ALL-SYSTEM --add-opens=java.base/java.util=ALL-UNNAMED --add-opens=java.base/java.lang=ALL-UNNAMED --add-opens=java.base/sun.nio.fs=ALL-UNNAMED -Declipse.application=org.eclipse.jdt.ls.core.id1 -Dosgi.bundles.defaultStartLevel=4 -Declipse.product=org.eclipse.jdt.ls.core.product -Djava.import.generatesMetadataFilesAtProjectRoot=false -DDetectVMInstallationsJob.disabled=true -Dfile.encoding=utf8 -XX:+UseParallelGC -XX:GCTimeRatio=4 -XX:AdaptiveSizePolicyWeight=90 -Dsun.zip.disableMemoryMapping=true -Xmx2G -Xms100m -Xlog:disable -javaagent:c:\Users\akbop\.vscode\extensions\redhat.java-1.52.0-win32-x64\lombok\lombok-1.18.39-4050.jar -XX:+HeapDumpOnOutOfMemoryError -XX:HeapDumpPath=c:\Users\akbop\AppData\Roaming\Code\User\workspaceStorage\3947d5d84609421009a2b6faa3e4a623\redhat.java -Daether.dependencyCollector.impl=bf c:\Users\akbop\.vscode\extensions\redhat.java-1.52.0-win32-x64\server\plugins\org.eclipse.equinox.launcher_1.7.100.v20251111-0406.jar -configuration c:\Users\akbop\AppData\Roaming\Code\User\globalStorage\redhat.java\1.52.0\config_win -data c:\Users\akbop\AppData\Roaming\Code\User\workspaceStorage\3947d5d84609421009a2b6faa3e4a623\redhat.java\jdt_ws --pipe=\\.\pipe\lsp-c77eb2157fc235a705adeee4922f9fb8-sock

Host: AMD Athlon Gold 3150U with Radeon Graphics     , 4 cores, 5G,  Windows 11 , 64 bit Build 26100 (10.0.26100.7705)
Time: Mon Feb 23 21:38:02 2026 elapsed time: 329.847595 seconds (0d 0h 5m 29s)

---------------  T H R E A D  ---------------

Current thread (0x000002045d50af80):  JavaThread "C2 CompilerThread0" daemon [_thread_in_native, id=5312, stack(0x00000073a2b00000,0x00000073a2c00000) (1024K)]


Current CompileTask:
C2:329847 13371       4       java.io.DataOutputStream::writeUTF (389 bytes)

Stack: [0x00000073a2b00000,0x00000073a2c00000]
Native frames: (J=compiled Java code, j=interpreted, Vv=VM code, C=native code)
V  [jvm.dll+0x6d6e29]
V  [jvm.dll+0x8b4b76]
V  [jvm.dll+0x8b712e]
V  [jvm.dll+0x8b7813]
V  [jvm.dll+0x283d86]
V  [jvm.dll+0xc66ed]
V  [jvm.dll+0xc6c31]
V  [jvm.dll+0x2facee]
V  [jvm.dll+0x5fde44]
V  [jvm.dll+0x255557]
V  [jvm.dll+0x24d64b]
V  [jvm.dll+0x24b482]
V  [jvm.dll+0x1cb13e]
V  [jvm.dll+0x25b29d]
V  [jvm.dll+0x25982a]
V  [jvm.dll+0x3f7ea6]
V  [jvm.dll+0x85e9ad]
V  [jvm.dll+0x6d565d]
C  [ucrtbase.dll+0x37b0]
C  [KERNEL32.DLL+0x2e8d7]
C  [ntdll.dll+0x8c40c]


---------------  P R O C E S S  ---------------

Threads class SMR info:
_java_thread_list=0x0000020467c7f0f0, length=35, elements={
0x0000020444a9bf60, 0x000002045d508420, 0x0000020444c870f0, 0x0000020444c894e0,
0x0000020444c8b690, 0x0000020444c8e450, 0x000002045d5091f0, 0x000002045d50af80,
0x000002045d586660, 0x000002045e3d0f40, 0x000002045e457520, 0x000002045e893680,
0x000002045e7ef000, 0x000002045e327910, 0x000002045e6332c0, 0x000002045ecaf3b0,
0x000002045ee2d230, 0x00000204634929f0, 0x0000020463493080, 0x0000020463495150,
0x0000020463493da0, 0x0000020463494430, 0x0000020464a59490, 0x0000020464a59b20,
0x0000020464a5a1b0, 0x0000020464a573c0, 0x0000020464a5a840, 0x0000020464a58770,
0x0000020464a5aed0, 0x0000020464a57a50, 0x0000020464a5c280, 0x0000020464a5c910,
0x0000020464a5dcc0, 0x0000020465e6c280, 0x0000020465e6c910
}

Java Threads: ( => current thread )
  0x0000020444a9bf60 JavaThread "main"                              [_thread_blocked, id=10200, stack(0x00000073a2100000,0x00000073a2200000) (1024K)]
  0x000002045d508420 JavaThread "Reference Handler"          daemon [_thread_blocked, id=13924, stack(0x00000073a2500000,0x00000073a2600000) (1024K)]
  0x0000020444c870f0 JavaThread "Finalizer"                  daemon [_thread_blocked, id=14728, stack(0x00000073a2600000,0x00000073a2700000) (1024K)]
  0x0000020444c894e0 JavaThread "Signal Dispatcher"          daemon [_thread_blocked, id=10436, stack(0x00000073a2700000,0x00000073a2800000) (1024K)]
  0x0000020444c8b690 JavaThread "Attach Listener"            daemon [_thread_blocked, id=12336, stack(0x00000073a2800000,0x00000073a2900000) (1024K)]
  0x0000020444c8e450 JavaThread "Service Thread"             daemon [_thread_blocked, id=10124, stack(0x00000073a2900000,0x00000073a2a00000) (1024K)]
  0x000002045d5091f0 JavaThread "Monitor Deflation Thread"   daemon [_thread_blocked, id=14368, stack(0x00000073a2a00000,0x00000073a2b00000) (1024K)]
=>0x000002045d50af80 JavaThread "C2 CompilerThread0"         daemon [_thread_in_native, id=5312, stack(0x00000073a2b00000,0x00000073a2c00000) (1024K)]
  0x000002045d586660 JavaThread "C1 CompilerThread0"         daemon [_thread_blocked, id=14624, stack(0x00000073a2c00000,0x00000073a2d00000) (1024K)]
  0x000002045e3d0f40 JavaThread "Common-Cleaner"             daemon [_thread_blocked, id=9764, stack(0x00000073a2d00000,0x00000073a2e00000) (1024K)]
  0x000002045e457520 JavaThread "Notification Thread"        daemon [_thread_blocked, id=11840, stack(0x00000073a2e00000,0x00000073a2f00000) (1024K)]
  0x000002045e893680 JavaThread "Active Thread: Equinox Container: 5db198ab-b731-4ac6-bbf6-937434191cf2"        [_thread_blocked, id=14636, stack(0x00000073a3200000,0x00000073a3300000) (1024K)]
  0x000002045e7ef000 JavaThread "Refresh Thread: Equinox Container: 5db198ab-b731-4ac6-bbf6-937434191cf2" daemon [_thread_blocked, id=1556, stack(0x00000073a3300000,0x00000073a3400000) (1024K)]
  0x000002045e327910 JavaThread "Framework Event Dispatcher: Equinox Container: 5db198ab-b731-4ac6-bbf6-937434191cf2" daemon [_thread_blocked, id=12748, stack(0x00000073a3400000,0x00000073a3500000) (1024K)]
  0x000002045e6332c0 JavaThread "Start Level: Equinox Container: 5db198ab-b731-4ac6-bbf6-937434191cf2" daemon [_thread_blocked, id=7468, stack(0x00000073a3500000,0x00000073a3600000) (1024K)]
  0x000002045ecaf3b0 JavaThread "Bundle File Closer"         daemon [_thread_blocked, id=11644, stack(0x00000073a3600000,0x00000073a3700000) (1024K)]
  0x000002045ee2d230 JavaThread "SCR Component Actor"        daemon [_thread_blocked, id=4980, stack(0x00000073a3700000,0x00000073a3800000) (1024K)]
  0x00000204634929f0 JavaThread "Worker-JM"                         [_thread_blocked, id=7904, stack(0x00000073a3800000,0x00000073a3900000) (1024K)]
  0x0000020463493080 JavaThread "JNA Cleaner"                daemon [_thread_blocked, id=13536, stack(0x00000073a3900000,0x00000073a3a00000) (1024K)]
  0x0000020463495150 JavaThread "Worker-1: Periodic workspace save."        [_thread_blocked, id=9652, stack(0x00000073a3b00000,0x00000073a3c00000) (1024K)]
  0x0000020463493da0 JavaThread "Java indexing"              daemon [_thread_blocked, id=8328, stack(0x00000073a3e00000,0x00000073a3f00000) (1024K)]
  0x0000020463494430 JavaThread "Worker-3"                          [_thread_blocked, id=10484, stack(0x00000073a3f00000,0x00000073a4000000) (1024K)]
  0x0000020464a59490 JavaThread "Thread-1"                   daemon [_thread_in_native, id=14596, stack(0x00000073a4400000,0x00000073a4500000) (1024K)]
  0x0000020464a59b20 JavaThread "Thread-2"                   daemon [_thread_in_native, id=13872, stack(0x00000073a4500000,0x00000073a4600000) (1024K)]
  0x0000020464a5a1b0 JavaThread "Thread-3"                   daemon [_thread_in_native, id=14560, stack(0x00000073a4600000,0x00000073a4700000) (1024K)]
  0x0000020464a573c0 JavaThread "Thread-4"                   daemon [_thread_in_native, id=14856, stack(0x00000073a4700000,0x00000073a4800000) (1024K)]
  0x0000020464a5a840 JavaThread "Thread-5"                   daemon [_thread_in_native, id=4776, stack(0x00000073a4800000,0x00000073a4900000) (1024K)]
  0x0000020464a58770 JavaThread "pool-2-thread-1"                   [_thread_blocked, id=14488, stack(0x00000073a4900000,0x00000073a4a00000) (1024K)]
  0x0000020464a5aed0 JavaThread "WorkspaceEventsHandler"            [_thread_blocked, id=13436, stack(0x00000073a4a00000,0x00000073a4b00000) (1024K)]
  0x0000020464a57a50 JavaThread "pool-1-thread-1"                   [_thread_blocked, id=10680, stack(0x00000073a4b00000,0x00000073a4c00000) (1024K)]
  0x0000020464a5c280 JavaThread "Compiler Source File Reader" daemon [_thread_blocked, id=14472, stack(0x00000073a5200000,0x00000073a5300000) (1024K)]
  0x0000020464a5c910 JavaThread "Compiler Source File Reader" daemon [_thread_blocked, id=14628, stack(0x00000073a5300000,0x00000073a5400000) (1024K)]
  0x0000020464a5dcc0 JavaThread "Compiler Class File Writer" daemon [_thread_blocked, id=13408, stack(0x00000073a5400000,0x00000073a5500000) (1024K)]
  0x0000020465e6c280 JavaThread "Compiler Class File Writer" daemon [_thread_blocked, id=14632, stack(0x00000073a5500000,0x00000073a5600000) (1024K)]
  0x0000020465e6c910 JavaThread "ForkJoinPool-3-worker-1"    daemon [_thread_in_vm, id=9012, stack(0x00000073a3a00000,0x00000073a3b00000) (1024K)]
Total: 35

Other Threads:
  0x000002045d4ff690 VMThread "VM Thread"                           [id=12664, stack(0x00000073a2400000,0x00000073a2500000) (1024K)] _threads_hazard_ptr=0x0000020467c7f0f0
  0x000002045d49ca00 WatcherThread "VM Periodic Task Thread"        [id=8944, stack(0x00000073a2300000,0x00000073a2400000) (1024K)]
  0x0000020444bf1bc0 WorkerThread "GC Thread#0"                     [id=3176, stack(0x00000073a2200000,0x00000073a2300000) (1024K)]
  0x000002045eaf47d0 WorkerThread "GC Thread#1"                     [id=11084, stack(0x00000073a2f00000,0x00000073a3000000) (1024K)]
  0x000002045eaf4b70 WorkerThread "GC Thread#2"                     [id=11088, stack(0x00000073a3000000,0x00000073a3100000) (1024K)]
  0x000002045e97d360 WorkerThread "GC Thread#3"                     [id=10328, stack(0x00000073a3100000,0x00000073a3200000) (1024K)]
Total: 6

Threads with active compile tasks:
C2 CompilerThread0  329907 13371       4       java.io.DataOutputStream::writeUTF (389 bytes)
Total: 1

VM state: synchronizing (normal execution)

VM Mutex/Monitor currently owned by a thread:  ([mutex/lock_event])
[0x00007ffa6f9fd570] Threads_lock - owner thread: 0x000002045d4ff690

Heap address: 0x0000000080000000, size: 2048 MB, Compressed Oops mode: 32-bit

CDS archive(s) mapped at: [0x0000020400000000-0x0000020400ba0000-0x0000020400ba0000), size 12189696, SharedBaseAddress: 0x0000020400000000, ArchiveRelocationMode: 1.
Compressed class space mapped at: 0x0000020401000000-0x0000020441000000, reserved size: 1073741824
Narrow klass base: 0x0000020400000000, Narrow klass shift: 0, Narrow klass range: 0x100000000

GC Precious Log:
 CardTable entry size: 512
 CPUs: 4 total, 4 available
 Memory: 6020M
 Large Page Support: Disabled
 NUMA Support: Disabled
 Compressed Oops: Enabled (32-bit)
 Alignments: Space 512K, Generation 512K, Heap 2M
 Heap Min Capacity: 100M
 Heap Initial Capacity: 100M
 Heap Max Capacity: 2G
 Pre-touch: Disabled
 Parallel Workers: 4

Heap:
 PSYoungGen      total 12800K, used 10052K [0x00000000d5580000, 0x00000000d6380000, 0x0000000100000000)
  eden space 12288K, 79% used [0x00000000d5580000,0x00000000d5f0bdc0,0x00000000d6180000)
  from space 512K, 54% used [0x00000000d6280000,0x00000000d62c52c0,0x00000000d6300000)
  to   space 512K, 0% used [0x00000000d6300000,0x00000000d6300000,0x00000000d6380000)
 ParOldGen       total 88064K, used 87874K [0x0000000080000000, 0x0000000085600000, 0x00000000d5580000)
  object space 88064K, 99% used [0x0000000080000000,0x00000000855d0a50,0x0000000085600000)
 Metaspace       used 71091K, committed 72640K, reserved 1114112K
  class space    used 7501K, committed 8192K, reserved 1048576K

Card table byte_map: [0x00000204588d0000,0x0000020458ce0000] _byte_map_base: 0x00000204584d0000

Marking Bits: (ParMarkBitMap*) 0x00007ffa6fa02460
 Begin Bits: [0x0000020458f90000, 0x000002045af90000)
 End Bits:   [0x000002045af90000, 0x000002045cf90000)

Polling page: 0x0000020444fc0000

Metaspace:

Usage:
  Non-class:     62.10 MB used.
      Class:      7.33 MB used.
       Both:     69.42 MB used.

Virtual space:
  Non-class space:       64.00 MB reserved,      62.94 MB ( 98%) committed,  1 nodes.
      Class space:        1.00 GB reserved,       8.00 MB ( <1%) committed,  1 nodes.
             Both:        1.06 GB reserved,      70.94 MB (  7%) committed. 

Chunk freelists:
   Non-Class:  128.00 KB
       Class:  7.88 MB
        Both:  8.01 MB

MaxMetaspaceSize: unlimited
CompressedClassSpaceSize: 1.00 GB
Initial GC threshold: 21.00 MB
Current GC threshold: 97.31 MB
CDS: on
 - commit_granule_bytes: 65536.
 - commit_granule_words: 8192.
 - virtual_space_node_default_size: 8388608.
 - enlarge_chunks_in_place: 1.
 - use_allocation_guard: 0.


Internal statistics:

num_allocs_failed_limit: 9.
num_arena_births: 1240.
num_arena_deaths: 16.
num_vsnodes_births: 2.
num_vsnodes_deaths: 0.
num_space_committed: 1135.
num_space_uncommitted: 0.
num_chunks_returned_to_freelist: 26.
num_chunks_taken_from_freelist: 4388.
num_chunk_merges: 13.
num_chunk_splits: 2722.
num_chunks_enlarged: 1590.
num_inconsistent_stats: 0.

CodeHeap 'non-profiled nmethods': size=120000Kb used=8644Kb max_used=8644Kb free=111355Kb
 bounds [0x00000204511c0000, 0x0000020451a40000, 0x00000204586f0000]
CodeHeap 'profiled nmethods': size=120000Kb used=29062Kb max_used=29062Kb free=90938Kb
 bounds [0x00000204496f0000, 0x000002044b360000, 0x0000020450c20000]
CodeHeap 'non-nmethods': size=5760Kb used=1460Kb max_used=1525Kb free=4299Kb
 bounds [0x0000020450c20000, 0x0000020450e90000, 0x00000204511c0000]
CodeCache: size=245760Kb, used=39166Kb, max_used=39231Kb, free=206592Kb
 total_blobs=13352, nmethods=12574, adapters=683, full_count=0
Compilation: enabled, stopped_count=0, restarted_count=0

Compilation events (20 events):
Event: 329.753 Thread 0x000002045d50af80 nmethod 13366 0x0000020451a2e990 code [0x0000020451a2eba0, 0x0000020451a2fb40]
Event: 329.753 Thread 0x000002045d50af80 13367   !   4       java.lang.ClassLoader::addClass (27 bytes)
Event: 329.767 Thread 0x000002045d50af80 nmethod 13367 0x0000020451a30210 code [0x0000020451a303e0, 0x0000020451a30c88]
Event: 329.787 Thread 0x000002045d586660 13368       3       org.eclipse.jdt.internal.core.JavaModelManager$VariablesAndContainersSaveHelper::saveInt (9 bytes)
Event: 329.787 Thread 0x000002045d50af80 13371       4       java.io.DataOutputStream::writeUTF (389 bytes)
Event: 329.790 Thread 0x000002045d586660 nmethod 13368 0x000002044b34c090 code [0x000002044b34c2c0, 0x000002044b34ca98]
Event: 329.790 Thread 0x000002045d586660 13369       3       org.eclipse.jdt.internal.compiler.util.HashtableOfObjectToInt::get (59 bytes)
Event: 329.790 Thread 0x000002045d586660 nmethod 13369 0x000002044b34ce10 code [0x000002044b34d000, 0x000002044b34d4a0]
Event: 329.790 Thread 0x000002045d586660 13374       3       org.eclipse.jdt.internal.compiler.util.HashtableOfObjectToInt::put (104 bytes)
Event: 329.791 Thread 0x000002045d586660 nmethod 13374 0x000002044b34d710 code [0x000002044b34d920, 0x000002044b34dfb0]
Event: 329.791 Thread 0x000002045d586660 13370       3       org.eclipse.jdt.internal.core.JavaModelManager$VariablesAndContainersSaveHelper::saveNewId (40 bytes)
Event: 329.793 Thread 0x000002045d586660 nmethod 13370 0x000002044b34e290 code [0x000002044b34e580, 0x000002044b34f600]
Event: 329.793 Thread 0x000002045d586660 13373       3       org.eclipse.jdt.internal.core.JavaModelManager$VariablesAndContainersSaveHelper::saveString (21 bytes)
Event: 329.832 Thread 0x000002045d586660 nmethod 13373 0x000002044b34fc90 code [0x000002044b34fe60, 0x000002044b350088]
Event: 329.832 Thread 0x000002045d586660 13375       3       org.eclipse.jdt.internal.core.JavaModelManager$VariablesAndContainersSaveHelper::saveAttribute (21 bytes)
Event: 329.835 Thread 0x000002045d586660 nmethod 13375 0x000002044b350190 code [0x000002044b3503a0, 0x000002044b350850]
Event: 329.835 Thread 0x000002045d586660 13376       3       org.eclipse.jdt.internal.core.JavaModelManager$VariablesAndContainersSaveHelper::savePath (34 bytes)
Event: 329.837 Thread 0x000002045d586660 nmethod 13376 0x000002044b350b10 code [0x000002044b350d60, 0x000002044b3514f8]
Event: 329.837 Thread 0x000002045d586660 13372       1       org.eclipse.jdt.internal.compiler.util.HashtableOfObjectToInt::size (5 bytes)
Event: 329.837 Thread 0x000002045d586660 nmethod 13372 0x0000020451a31010 code [0x0000020451a311a0, 0x0000020451a31268]

GC Heap History (20 events):
Event: 41.790 GC heap before
{Heap before GC invocations=81 (full 3):
 PSYoungGen      total 13312K, used 13118K [0x00000000d5580000, 0x00000000d6400000, 0x0000000100000000)
  eden space 12800K, 100% used [0x00000000d5580000,0x00000000d6200000,0x00000000d6200000)
  from space 512K, 62% used [0x00000000d6300000,0x00000000d634f9b0,0x00000000d6380000)
  to   space 512K, 0% used [0x00000000d6380000,0x00000000d6380000,0x00000000d6400000)
 ParOldGen       total 85504K, used 85230K [0x0000000080000000, 0x0000000085380000, 0x00000000d5580000)
  object space 85504K, 99% used [0x0000000080000000,0x000000008533bab0,0x0000000085380000)
 Metaspace       used 70641K, committed 72192K, reserved 1114112K
  class space    used 7459K, committed 8192K, reserved 1048576K
}
Event: 41.792 GC heap after
{Heap after GC invocations=81 (full 3):
 PSYoungGen      total 13312K, used 283K [0x00000000d5580000, 0x00000000d6400000, 0x0000000100000000)
  eden space 12800K, 0% used [0x00000000d5580000,0x00000000d5580000,0x00000000d6200000)
  from space 512K, 55% used [0x00000000d6380000,0x00000000d63c6f68,0x00000000d6400000)
  to   space 512K, 0% used [0x00000000d6300000,0x00000000d6300000,0x00000000d6380000)
 ParOldGen       total 85504K, used 85270K [0x0000000080000000, 0x0000000085380000, 0x00000000d5580000)
  object space 85504K, 99% used [0x0000000080000000,0x0000000085345ab0,0x0000000085380000)
 Metaspace       used 70641K, committed 72192K, reserved 1114112K
  class space    used 7459K, committed 8192K, reserved 1048576K
}
Event: 41.836 GC heap before
{Heap before GC invocations=82 (full 3):
 PSYoungGen      total 13312K, used 13083K [0x00000000d5580000, 0x00000000d6400000, 0x0000000100000000)
  eden space 12800K, 100% used [0x00000000d5580000,0x00000000d6200000,0x00000000d6200000)
  from space 512K, 55% used [0x00000000d6380000,0x00000000d63c6f68,0x00000000d6400000)
  to   space 512K, 0% used [0x00000000d6300000,0x00000000d6300000,0x00000000d6380000)
 ParOldGen       total 85504K, used 85270K [0x0000000080000000, 0x0000000085380000, 0x00000000d5580000)
  object space 85504K, 99% used [0x0000000080000000,0x0000000085345ab0,0x0000000085380000)
 Metaspace       used 70641K, committed 72192K, reserved 1114112K
  class space    used 7459K, committed 8192K, reserved 1048576K
}
Event: 41.837 GC heap after
{Heap after GC invocations=82 (full 3):
 PSYoungGen      total 13312K, used 128K [0x00000000d5580000, 0x00000000d6400000, 0x0000000100000000)
  eden space 12800K, 0% used [0x00000000d5580000,0x00000000d5580000,0x00000000d6200000)
  from space 512K, 25% used [0x00000000d6300000,0x00000000d6320000,0x00000000d6380000)
  to   space 512K, 0% used [0x00000000d6380000,0x00000000d6380000,0x00000000d6400000)
 ParOldGen       total 85504K, used 85310K [0x0000000080000000, 0x0000000085380000, 0x00000000d5580000)
  object space 85504K, 99% used [0x0000000080000000,0x000000008534fab0,0x0000000085380000)
 Metaspace       used 70641K, committed 72192K, reserved 1114112K
  class space    used 7459K, committed 8192K, reserved 1048576K
}
Event: 41.889 GC heap before
{Heap before GC invocations=83 (full 3):
 PSYoungGen      total 13312K, used 12928K [0x00000000d5580000, 0x00000000d6400000, 0x0000000100000000)
  eden space 12800K, 100% used [0x00000000d5580000,0x00000000d6200000,0x00000000d6200000)
  from space 512K, 25% used [0x00000000d6300000,0x00000000d6320000,0x00000000d6380000)
  to   space 512K, 0% used [0x00000000d6380000,0x00000000d6380000,0x00000000d6400000)
 ParOldGen       total 85504K, used 85310K [0x0000000080000000, 0x0000000085380000, 0x00000000d5580000)
  object space 85504K, 99% used [0x0000000080000000,0x000000008534fab0,0x0000000085380000)
 Metaspace       used 70642K, committed 72192K, reserved 1114112K
  class space    used 7459K, committed 8192K, reserved 1048576K
}
Event: 41.891 GC heap after
{Heap after GC invocations=83 (full 3):
 PSYoungGen      total 13312K, used 128K [0x00000000d5580000, 0x00000000d6400000, 0x0000000100000000)
  eden space 12800K, 0% used [0x00000000d5580000,0x00000000d5580000,0x00000000d6200000)
  from space 512K, 25% used [0x00000000d6380000,0x00000000d63a0000,0x00000000d6400000)
  to   space 512K, 0% used [0x00000000d6300000,0x00000000d6300000,0x00000000d6380000)
 ParOldGen       total 85504K, used 85342K [0x0000000080000000, 0x0000000085380000, 0x00000000d5580000)
  object space 85504K, 99% used [0x0000000080000000,0x0000000085357ab0,0x0000000085380000)
 Metaspace       used 70642K, committed 72192K, reserved 1114112K
  class space    used 7459K, committed 8192K, reserved 1048576K
}
Event: 41.938 GC heap before
{Heap before GC invocations=84 (full 3):
 PSYoungGen      total 13312K, used 12928K [0x00000000d5580000, 0x00000000d6400000, 0x0000000100000000)
  eden space 12800K, 100% used [0x00000000d5580000,0x00000000d6200000,0x00000000d6200000)
  from space 512K, 25% used [0x00000000d6380000,0x00000000d63a0000,0x00000000d6400000)
  to   space 512K, 0% used [0x00000000d6300000,0x00000000d6300000,0x00000000d6380000)
 ParOldGen       total 85504K, used 85342K [0x0000000080000000, 0x0000000085380000, 0x00000000d5580000)
  object space 85504K, 99% used [0x0000000080000000,0x0000000085357ab0,0x0000000085380000)
 Metaspace       used 70650K, committed 72256K, reserved 1114112K
  class space    used 7459K, committed 8192K, reserved 1048576K
}
Event: 41.939 GC heap after
{Heap after GC invocations=84 (full 3):
 PSYoungGen      total 13312K, used 224K [0x00000000d5580000, 0x00000000d6400000, 0x0000000100000000)
  eden space 12800K, 0% used [0x00000000d5580000,0x00000000d5580000,0x00000000d6200000)
  from space 512K, 43% used [0x00000000d6300000,0x00000000d6338150,0x00000000d6380000)
  to   space 512K, 0% used [0x00000000d6380000,0x00000000d6380000,0x00000000d6400000)
 ParOldGen       total 85504K, used 85382K [0x0000000080000000, 0x0000000085380000, 0x00000000d5580000)
  object space 85504K, 99% used [0x0000000080000000,0x0000000085361ab0,0x0000000085380000)
 Metaspace       used 70650K, committed 72256K, reserved 1114112K
  class space    used 7459K, committed 8192K, reserved 1048576K
}
Event: 41.978 GC heap before
{Heap before GC invocations=85 (full 3):
 PSYoungGen      total 13312K, used 13024K [0x00000000d5580000, 0x00000000d6400000, 0x0000000100000000)
  eden space 12800K, 100% used [0x00000000d5580000,0x00000000d6200000,0x00000000d6200000)
  from space 512K, 43% used [0x00000000d6300000,0x00000000d6338150,0x00000000d6380000)
  to   space 512K, 0% used [0x00000000d6380000,0x00000000d6380000,0x00000000d6400000)
 ParOldGen       total 85504K, used 85382K [0x0000000080000000, 0x0000000085380000, 0x00000000d5580000)
  object space 85504K, 99% used [0x0000000080000000,0x0000000085361ab0,0x0000000085380000)
 Metaspace       used 70650K, committed 72256K, reserved 1114112K
  class space    used 7459K, committed 8192K, reserved 1048576K
}
Event: 41.979 GC heap after
{Heap after GC invocations=85 (full 3):
 PSYoungGen      total 13312K, used 235K [0x00000000d5580000, 0x00000000d6400000, 0x0000000100000000)
  eden space 12800K, 0% used [0x00000000d5580000,0x00000000d5580000,0x00000000d6200000)
  from space 512K, 46% used [0x00000000d6380000,0x00000000d63baf38,0x00000000d6400000)
  to   space 512K, 0% used [0x00000000d6300000,0x00000000d6300000,0x00000000d6380000)
 ParOldGen       total 85504K, used 85414K [0x0000000080000000, 0x0000000085380000, 0x00000000d5580000)
  object space 85504K, 99% used [0x0000000080000000,0x0000000085369ab0,0x0000000085380000)
 Metaspace       used 70650K, committed 72256K, reserved 1114112K
  class space    used 7459K, committed 8192K, reserved 1048576K
}
Event: 42.176 GC heap before
{Heap before GC invocations=86 (full 3):
 PSYoungGen      total 13312K, used 13035K [0x00000000d5580000, 0x00000000d6400000, 0x0000000100000000)
  eden space 12800K, 100% used [0x00000000d5580000,0x00000000d6200000,0x00000000d6200000)
  from space 512K, 46% used [0x00000000d6380000,0x00000000d63baf38,0x00000000d6400000)
  to   space 512K, 0% used [0x00000000d6300000,0x00000000d6300000,0x00000000d6380000)
 ParOldGen       total 85504K, used 85414K [0x0000000080000000, 0x0000000085380000, 0x00000000d5580000)
  object space 85504K, 99% used [0x0000000080000000,0x0000000085369ab0,0x0000000085380000)
 Metaspace       used 70803K, committed 72384K, reserved 1114112K
  class space    used 7474K, committed 8192K, reserved 1048576K
}
Event: 42.179 GC heap after
{Heap after GC invocations=86 (full 3):
 PSYoungGen      total 13312K, used 502K [0x00000000d5580000, 0x00000000d6400000, 0x0000000100000000)
  eden space 12800K, 0% used [0x00000000d5580000,0x00000000d5580000,0x00000000d6200000)
  from space 512K, 98% used [0x00000000d6300000,0x00000000d637db28,0x00000000d6380000)
  to   space 512K, 0% used [0x00000000d6380000,0x00000000d6380000,0x00000000d6400000)
 ParOldGen       total 85504K, used 85454K [0x0000000080000000, 0x0000000085380000, 0x00000000d5580000)
  object space 85504K, 99% used [0x0000000080000000,0x0000000085373ab0,0x0000000085380000)
 Metaspace       used 70803K, committed 72384K, reserved 1114112K
  class space    used 7474K, committed 8192K, reserved 1048576K
}
Event: 42.509 GC heap before
{Heap before GC invocations=87 (full 3):
 PSYoungGen      total 13312K, used 13302K [0x00000000d5580000, 0x00000000d6400000, 0x0000000100000000)
  eden space 12800K, 100% used [0x00000000d5580000,0x00000000d6200000,0x00000000d6200000)
  from space 512K, 98% used [0x00000000d6300000,0x00000000d637db28,0x00000000d6380000)
  to   space 512K, 0% used [0x00000000d6380000,0x00000000d6380000,0x00000000d6400000)
 ParOldGen       total 85504K, used 85454K [0x0000000080000000, 0x0000000085380000, 0x00000000d5580000)
  object space 85504K, 99% used [0x0000000080000000,0x0000000085373ab0,0x0000000085380000)
 Metaspace       used 70816K, committed 72384K, reserved 1114112K
  class space    used 7474K, committed 8192K, reserved 1048576K
}
Event: 42.511 GC heap after
{Heap after GC invocations=87 (full 3):
 PSYoungGen      total 12800K, used 485K [0x00000000d5580000, 0x00000000d6600000, 0x0000000100000000)
  eden space 12288K, 0% used [0x00000000d5580000,0x00000000d5580000,0x00000000d6180000)
  from space 512K, 94% used [0x00000000d6380000,0x00000000d63f9428,0x00000000d6400000)
  to   space 2048K, 0% used [0x00000000d6180000,0x00000000d6180000,0x00000000d6380000)
 ParOldGen       total 87040K, used 86493K [0x0000000080000000, 0x0000000085500000, 0x00000000d5580000)
  object space 87040K, 99% used [0x0000000080000000,0x00000000854774a8,0x0000000085500000)
 Metaspace       used 70816K, committed 72384K, reserved 1114112K
  class space    used 7474K, committed 8192K, reserved 1048576K
}
Event: 42.552 GC heap before
{Heap before GC invocations=88 (full 3):
 PSYoungGen      total 12800K, used 12773K [0x00000000d5580000, 0x00000000d6600000, 0x0000000100000000)
  eden space 12288K, 100% used [0x00000000d5580000,0x00000000d6180000,0x00000000d6180000)
  from space 512K, 94% used [0x00000000d6380000,0x00000000d63f9428,0x00000000d6400000)
  to   space 2048K, 0% used [0x00000000d6180000,0x00000000d6180000,0x00000000d6380000)
 ParOldGen       total 87040K, used 86493K [0x0000000080000000, 0x0000000085500000, 0x00000000d5580000)
  object space 87040K, 99% used [0x0000000080000000,0x00000000854774a8,0x0000000085500000)
 Metaspace       used 70816K, committed 72384K, reserved 1114112K
  class space    used 7474K, committed 8192K, reserved 1048576K
}
Event: 42.555 GC heap after
{Heap after GC invocations=88 (full 3):
 PSYoungGen      total 13312K, used 704K [0x00000000d5580000, 0x00000000d6400000, 0x0000000100000000)
  eden space 12288K, 0% used [0x00000000d5580000,0x00000000d5580000,0x00000000d6180000)
  from space 1024K, 68% used [0x00000000d6180000,0x00000000d6230000,0x00000000d6280000)
  to   space 1024K, 0% used [0x00000000d6300000,0x00000000d6300000,0x00000000d6400000)
 ParOldGen       total 87040K, used 86949K [0x0000000080000000, 0x0000000085500000, 0x00000000d5580000)
  object space 87040K, 99% used [0x0000000080000000,0x00000000854e96e8,0x0000000085500000)
 Metaspace       used 70816K, committed 72384K, reserved 1114112K
  class space    used 7474K, committed 8192K, reserved 1048576K
}
Event: 42.595 GC heap before
{Heap before GC invocations=89 (full 3):
 PSYoungGen      total 13312K, used 12992K [0x00000000d5580000, 0x00000000d6400000, 0x0000000100000000)
  eden space 12288K, 100% used [0x00000000d5580000,0x00000000d6180000,0x00000000d6180000)
  from space 1024K, 68% used [0x00000000d6180000,0x00000000d6230000,0x00000000d6280000)
  to   space 1024K, 0% used [0x00000000d6300000,0x00000000d6300000,0x00000000d6400000)
 ParOldGen       total 87040K, used 86949K [0x0000000080000000, 0x0000000085500000, 0x00000000d5580000)
  object space 87040K, 99% used [0x0000000080000000,0x00000000854e96e8,0x0000000085500000)
 Metaspace       used 70816K, committed 72384K, reserved 1114112K
  class space    used 7474K, committed 8192K, reserved 1048576K
}
Event: 42.597 GC heap after
{Heap after GC invocations=89 (full 3):
 PSYoungGen      total 12800K, used 256K [0x00000000d5580000, 0x00000000d6380000, 0x0000000100000000)
  eden space 12288K, 0% used [0x00000000d5580000,0x00000000d5580000,0x00000000d6180000)
  from space 512K, 50% used [0x00000000d6300000,0x00000000d6340000,0x00000000d6380000)
  to   space 512K, 0% used [0x00000000d6280000,0x00000000d6280000,0x00000000d6300000)
 ParOldGen       total 88064K, used 87613K [0x0000000080000000, 0x0000000085600000, 0x00000000d5580000)
  object space 88064K, 99% used [0x0000000080000000,0x000000008558f6f8,0x0000000085600000)
 Metaspace       used 70816K, committed 72384K, reserved 1114112K
  class space    used 7474K, committed 8192K, reserved 1048576K
}
Event: 42.836 GC heap before
{Heap before GC invocations=90 (full 3):
 PSYoungGen      total 12800K, used 12544K [0x00000000d5580000, 0x00000000d6380000, 0x0000000100000000)
  eden space 12288K, 100% used [0x00000000d5580000,0x00000000d6180000,0x00000000d6180000)
  from space 512K, 50% used [0x00000000d6300000,0x00000000d6340000,0x00000000d6380000)
  to   space 512K, 0% used [0x00000000d6280000,0x00000000d6280000,0x00000000d6300000)
 ParOldGen       total 88064K, used 87613K [0x0000000080000000, 0x0000000085600000, 0x00000000d5580000)
  object space 88064K, 99% used [0x0000000080000000,0x000000008558f6f8,0x0000000085600000)
 Metaspace       used 70861K, committed 72512K, reserved 1114112K
  class space    used 7478K, committed 8192K, reserved 1048576K
}
Event: 42.839 GC heap after
{Heap after GC invocations=90 (full 3):
 PSYoungGen      total 12800K, used 276K [0x00000000d5580000, 0x00000000d6380000, 0x0000000100000000)
  eden space 12288K, 0% used [0x00000000d5580000,0x00000000d5580000,0x00000000d6180000)
  from space 512K, 54% used [0x00000000d6280000,0x00000000d62c52c0,0x00000000d6300000)
  to   space 512K, 0% used [0x00000000d6300000,0x00000000d6300000,0x00000000d6380000)
 ParOldGen       total 88064K, used 87874K [0x0000000080000000, 0x0000000085600000, 0x00000000d5580000)
  object space 88064K, 99% used [0x0000000080000000,0x00000000855d0a50,0x0000000085600000)
 Metaspace       used 70861K, committed 72512K, reserved 1114112K
  class space    used 7478K, committed 8192K, reserved 1048576K
}

Dll operation events (12 events):
Event: 0.044 Loaded shared library c:\Users\akbop\.vscode\extensions\redhat.java-1.52.0-win32-x64\jre\21.0.9-win32-x86_64\bin\java.dll
Event: 0.136 Loaded shared library c:\Users\akbop\.vscode\extensions\redhat.java-1.52.0-win32-x64\jre\21.0.9-win32-x86_64\bin\zip.dll
Event: 0.398 Loaded shared library C:\Users\akbop\.vscode\extensions\redhat.java-1.52.0-win32-x64\jre\21.0.9-win32-x86_64\bin\instrument.dll
Event: 0.406 Loaded shared library C:\Users\akbop\.vscode\extensions\redhat.java-1.52.0-win32-x64\jre\21.0.9-win32-x86_64\bin\net.dll
Event: 0.410 Loaded shared library C:\Users\akbop\.vscode\extensions\redhat.java-1.52.0-win32-x64\jre\21.0.9-win32-x86_64\bin\nio.dll
Event: 0.415 Loaded shared library C:\Users\akbop\.vscode\extensions\redhat.java-1.52.0-win32-x64\jre\21.0.9-win32-x86_64\bin\zip.dll
Event: 0.520 Loaded shared library C:\Users\akbop\.vscode\extensions\redhat.java-1.52.0-win32-x64\jre\21.0.9-win32-x86_64\bin\jimage.dll
Event: 0.641 Loaded shared library c:\Users\akbop\.vscode\extensions\redhat.java-1.52.0-win32-x64\jre\21.0.9-win32-x86_64\bin\verify.dll
Event: 5.955 Loaded shared library C:\Users\akbop\AppData\Roaming\Code\User\globalStorage\redhat.java\1.52.0\config_win\org.eclipse.equinox.launcher\org.eclipse.equinox.launcher.win32.win32.x86_64_1.2.1500.v20260121-1430\eclipse_11919.dll
Event: 11.780 Loaded shared library C:\Users\akbop\AppData\Local\Temp\jna-92866905\jna7507097400555678329.dll
Event: 16.439 Loaded shared library C:\Users\akbop\.vscode\extensions\redhat.java-1.52.0-win32-x64\jre\21.0.9-win32-x86_64\bin\sunmscapi.dll
Event: 17.679 Loaded shared library C:\Users\akbop\.vscode\extensions\redhat.java-1.52.0-win32-x64\jre\21.0.9-win32-x86_64\bin\extnet.dll

Deoptimization events (20 events):
Event: 329.698 Thread 0x0000020463495150 Uncommon trap: trap_request=0xffffff45 fr.pc=0x00000204517b1458 relative=0x0000000000000138
Event: 329.700 Thread 0x0000020463495150 Uncommon trap: reason=unstable_if action=reinterpret pc=0x00000204517b1458 method=java.util.concurrent.TimeUnit.toMillis(J)J @ 18 c2
Event: 329.700 Thread 0x0000020463495150 DEOPT PACKING pc=0x00000204517b1458 sp=0x00000073a3bfed30
Event: 329.700 Thread 0x0000020463495150 DEOPT UNPACKING pc=0x0000020450c73aa2 sp=0x00000073a3bfecb0 mode 2
Event: 329.721 Thread 0x0000020465e6c910 Uncommon trap: trap_request=0xffffff45 fr.pc=0x00000204514d11f4 relative=0x00000000000000d4
Event: 329.721 Thread 0x0000020465e6c910 Uncommon trap: reason=unstable_if action=reinterpret pc=0x00000204514d11f4 method=java.util.stream.AbstractPipeline.sourceSpliterator(I)Ljava/util/Spliterator; @ 82 c2
Event: 329.721 Thread 0x0000020465e6c910 DEOPT PACKING pc=0x00000204514d11f4 sp=0x00000073a3afec90
Event: 329.721 Thread 0x0000020465e6c910 DEOPT UNPACKING pc=0x0000020450c73aa2 sp=0x00000073a3afebf0 mode 2
Event: 329.787 Thread 0x0000020463495150 DEOPT PACKING pc=0x000002044a93ab2e sp=0x00000073a3bfe900
Event: 329.787 Thread 0x0000020463495150 DEOPT UNPACKING pc=0x0000020450c74242 sp=0x00000073a3bfde58 mode 0
Event: 329.789 Thread 0x0000020463495150 DEOPT PACKING pc=0x000002044a93ab2e sp=0x00000073a3bfe990
Event: 329.789 Thread 0x0000020463495150 DEOPT UNPACKING pc=0x0000020450c74242 sp=0x00000073a3bfdee8 mode 0
Event: 329.791 Thread 0x0000020463495150 DEOPT PACKING pc=0x000002044a93add0 sp=0x00000073a3bfe900
Event: 329.791 Thread 0x0000020463495150 DEOPT UNPACKING pc=0x0000020450c74242 sp=0x00000073a3bfde58 mode 0
Event: 329.792 Thread 0x0000020463495150 DEOPT PACKING pc=0x000002044a93add0 sp=0x00000073a3bfe990
Event: 329.792 Thread 0x0000020463495150 DEOPT UNPACKING pc=0x0000020450c74242 sp=0x00000073a3bfdee8 mode 0
Event: 329.800 Thread 0x0000020463495150 Uncommon trap: trap_request=0xfffffff4 fr.pc=0x0000020451a0cc34 relative=0x00000000000002f4
Event: 329.800 Thread 0x0000020463495150 Uncommon trap: reason=null_check action=make_not_entrant pc=0x0000020451a0cc34 method=org.eclipse.core.runtime.Path.equals(Ljava/lang/Object;)Z @ 8 c2
Event: 329.800 Thread 0x0000020463495150 DEOPT PACKING pc=0x0000020451a0cc34 sp=0x00000073a3bfed90
Event: 329.800 Thread 0x0000020463495150 DEOPT UNPACKING pc=0x0000020450c73aa2 sp=0x00000073a3bfed20 mode 2

Classes loaded (20 events):
Event: 39.108 Loading class java/util/Hashtable$KeySet
Event: 39.108 Loading class java/util/Hashtable$KeySet done
Event: 40.758 Loading class java/util/concurrent/CompletableFuture$UniApply
Event: 40.758 Loading class java/util/concurrent/CompletableFuture$UniCompletion
Event: 40.758 Loading class java/util/concurrent/CompletableFuture$UniCompletion done
Event: 40.758 Loading class java/util/concurrent/CompletableFuture$UniApply done
Event: 40.759 Loading class java/util/concurrent/CompletableFuture$UniAccept
Event: 40.759 Loading class java/util/concurrent/CompletableFuture$UniAccept done
Event: 40.759 Loading class java/util/concurrent/CompletableFuture$UniExceptionally
Event: 40.759 Loading class java/util/concurrent/CompletableFuture$UniExceptionally done
Event: 329.722 Loading class java/util/stream/Nodes$CollectorTask$OfRef
Event: 329.724 Loading class java/util/stream/Nodes$CollectorTask
Event: 329.731 Loading class java/util/stream/Nodes$CollectorTask done
Event: 329.731 Loading class java/util/stream/Nodes$CollectorTask$OfRef done
Event: 329.732 Loading class java/util/function/LongFunction
Event: 329.733 Loading class java/util/function/LongFunction done
Event: 329.736 Loading class java/util/stream/Nodes$ConcNode
Event: 329.737 Loading class java/util/stream/Nodes$AbstractConcNode
Event: 329.738 Loading class java/util/stream/Nodes$AbstractConcNode done
Event: 329.738 Loading class java/util/stream/Nodes$ConcNode done

Classes unloaded (8 events):
Event: 13.111 Thread 0x000002045d4ff690 Unloading class 0x00000204011ac800 'java/lang/invoke/LambdaForm$MH+0x00000204011ac800'
Event: 13.111 Thread 0x000002045d4ff690 Unloading class 0x00000204011ac400 'java/lang/invoke/LambdaForm$MH+0x00000204011ac400'
Event: 13.111 Thread 0x000002045d4ff690 Unloading class 0x00000204011ac000 'java/lang/invoke/LambdaForm$MH+0x00000204011ac000'
Event: 13.111 Thread 0x000002045d4ff690 Unloading class 0x00000204011abc00 'java/lang/invoke/LambdaForm$MH+0x00000204011abc00'
Event: 13.111 Thread 0x000002045d4ff690 Unloading class 0x00000204011ab800 'java/lang/invoke/LambdaForm$BMH+0x00000204011ab800'
Event: 13.111 Thread 0x000002045d4ff690 Unloading class 0x00000204011ab400 'java/lang/invoke/LambdaForm$DMH+0x00000204011ab400'
Event: 13.111 Thread 0x000002045d4ff690 Unloading class 0x00000204011aa400 'java/lang/invoke/LambdaForm$DMH+0x00000204011aa400'
Event: 30.535 Thread 0x000002045d4ff690 Unloading class 0x000002040163c800 'java/lang/invoke/LambdaForm$DMH+0x000002040163c800'

Classes redefined (0 events):
No events

Internal exceptions (20 events):
Event: 41.071 Thread 0x0000020465e6b560 Exception <a 'sun/nio/fs/WindowsException'{0x00000000d605d710}> (0x00000000d605d710) 
thrown [s\src\hotspot\share\prims\jni.cpp, line 520]
Event: 41.076 Thread 0x0000020465e6b560 Exception <a 'sun/nio/fs/WindowsException'{0x00000000d607e818}> (0x00000000d607e818) 
thrown [s\src\hotspot\share\prims\jni.cpp, line 520]
Event: 41.076 Thread 0x0000020465e6b560 Exception <a 'sun/nio/fs/WindowsException'{0x00000000d607f318}> (0x00000000d607f318) 
thrown [s\src\hotspot\share\prims\jni.cpp, line 520]
Event: 41.076 Thread 0x0000020465e6b560 Exception <a 'sun/nio/fs/WindowsException'{0x00000000d6080680}> (0x00000000d6080680) 
thrown [s\src\hotspot\share\prims\jni.cpp, line 520]
Event: 41.076 Thread 0x0000020465e6b560 Exception <a 'sun/nio/fs/WindowsException'{0x00000000d6080f60}> (0x00000000d6080f60) 
thrown [s\src\hotspot\share\prims\jni.cpp, line 520]
Event: 41.077 Thread 0x0000020465e6b560 Exception <a 'sun/nio/fs/WindowsException'{0x00000000d60822d8}> (0x00000000d60822d8) 
thrown [s\src\hotspot\share\prims\jni.cpp, line 520]
Event: 41.077 Thread 0x0000020465e6b560 Exception <a 'sun/nio/fs/WindowsException'{0x00000000d6083078}> (0x00000000d6083078) 
thrown [s\src\hotspot\share\prims\jni.cpp, line 520]
Event: 41.078 Thread 0x0000020465e6b560 Exception <a 'sun/nio/fs/WindowsException'{0x00000000d60842e0}> (0x00000000d60842e0) 
thrown [s\src\hotspot\share\prims\jni.cpp, line 520]
Event: 41.078 Thread 0x0000020465e6b560 Exception <a 'sun/nio/fs/WindowsException'{0x00000000d6084de0}> (0x00000000d6084de0) 
thrown [s\src\hotspot\share\prims\jni.cpp, line 520]
Event: 41.079 Thread 0x0000020465e6b560 Exception <a 'sun/nio/fs/WindowsException'{0x00000000d6086148}> (0x00000000d6086148) 
thrown [s\src\hotspot\share\prims\jni.cpp, line 520]
Event: 41.080 Thread 0x0000020465e6b560 Exception <a 'sun/nio/fs/WindowsException'{0x00000000d6086a28}> (0x00000000d6086a28) 
thrown [s\src\hotspot\share\prims\jni.cpp, line 520]
Event: 41.370 Thread 0x0000020465e6c910 Exception <a 'java/lang/NoSuchMethodError'{0x00000000d57d1bc0}: 'java.lang.Object java.lang.invoke.DirectMethodHandle$Holder.invokeStaticInit(java.lang.Object, java.lang.Object, java.lang.Object)'> (0x00000000d57d1bc0) 
thrown [s\src\hotspot\share\interpreter\linkResolver.cpp, line 773]
Event: 41.462 Thread 0x0000020463494430 Implicit null exception at 0x00000204519ae44b to 0x00000204519aee10
Event: 42.157 Thread 0x0000020465e6c910 Exception <a 'sun/nio/fs/WindowsException'{0x00000000d5f906a0}> (0x00000000d5f906a0) 
thrown [s\src\hotspot\share\prims\jni.cpp, line 520]
Event: 42.158 Thread 0x0000020465e6c910 Exception <a 'sun/nio/fs/WindowsException'{0x00000000d5f911a0}> (0x00000000d5f911a0) 
thrown [s\src\hotspot\share\prims\jni.cpp, line 520]
Event: 42.158 Thread 0x0000020465e6c910 Exception <a 'sun/nio/fs/WindowsException'{0x00000000d5f92508}> (0x00000000d5f92508) 
thrown [s\src\hotspot\share\prims\jni.cpp, line 520]
Event: 42.158 Thread 0x0000020465e6c910 Exception <a 'sun/nio/fs/WindowsException'{0x00000000d5f92de8}> (0x00000000d5f92de8) 
thrown [s\src\hotspot\share\prims\jni.cpp, line 520]
Event: 329.796 Thread 0x0000020463495150 Exception <a 'sun/nio/fs/WindowsException'{0x00000000d5f00d38}> (0x00000000d5f00d38) 
thrown [s\src\hotspot\share\prims\jni.cpp, line 520]
Event: 329.797 Thread 0x0000020463495150 Exception <a 'sun/nio/fs/WindowsException'{0x00000000d5f01838}> (0x00000000d5f01838) 
thrown [s\src\hotspot\share\prims\jni.cpp, line 520]
Event: 329.800 Thread 0x0000020463495150 Implicit null exception at 0x0000020451a0c986 to 0x0000020451a0cc24

ZGC Phase Switch (0 events):
No events

VM Operations (20 events):
Event: 42.552 Executing VM operation: ParallelGCFailedAllocation (Allocation Failure)
Event: 42.555 Executing VM operation: ParallelGCFailedAllocation (Allocation Failure) done
Event: 42.595 Executing VM operation: ParallelGCFailedAllocation (Allocation Failure)
Event: 42.597 Executing VM operation: ParallelGCFailedAllocation (Allocation Failure) done
Event: 42.836 Executing VM operation: ParallelGCFailedAllocation (Allocation Failure)
Event: 42.839 Executing VM operation: ParallelGCFailedAllocation (Allocation Failure) done
Event: 43.843 Executing VM operation: Cleanup
Event: 43.844 Executing VM operation: Cleanup done
Event: 44.857 Executing VM operation: Cleanup
Event: 44.857 Executing VM operation: Cleanup done
Event: 60.074 Executing VM operation: HandshakeAllThreads (HandshakeForDeflation)
Event: 60.074 Executing VM operation: HandshakeAllThreads (HandshakeForDeflation) done
Event: 60.168 Executing VM operation: RendezvousGCThreads
Event: 60.168 Executing VM operation: RendezvousGCThreads done
Event: 96.481 Executing VM operation: Cleanup
Event: 96.481 Executing VM operation: Cleanup done
Event: 120.098 Executing VM operation: HandshakeAllThreads (HandshakeForDeflation)
Event: 120.098 Executing VM operation: HandshakeAllThreads (HandshakeForDeflation) done
Event: 120.098 Executing VM operation: RendezvousGCThreads
Event: 120.098 Executing VM operation: RendezvousGCThreads done

Memory protections (0 events):
No events

Nmethod flushes (20 events):
Event: 30.567 Thread 0x000002045d4ff690 flushing  nmethod 0x000002044a010c90
Event: 30.567 Thread 0x000002045d4ff690 flushing  nmethod 0x000002044a011490
Event: 30.567 Thread 0x000002045d4ff690 flushing  nmethod 0x000002044a011a90
Event: 30.567 Thread 0x000002045d4ff690 flushing  nmethod 0x000002044a011e90
Event: 30.567 Thread 0x000002045d4ff690 flushing  nmethod 0x000002044a013410
Event: 30.567 Thread 0x000002045d4ff690 flushing  nmethod 0x000002044a013a10
Event: 30.567 Thread 0x000002045d4ff690 flushing  nmethod 0x000002044a038f10
Event: 30.567 Thread 0x000002045d4ff690 flushing osr nmethod 0x000002044a04ce10
Event: 30.567 Thread 0x000002045d4ff690 flushing  nmethod 0x000002044a05fb90
Event: 30.567 Thread 0x000002045d4ff690 flushing  nmethod 0x000002044a060290
Event: 30.567 Thread 0x000002045d4ff690 flushing  nmethod 0x000002044a060890
Event: 30.567 Thread 0x000002045d4ff690 flushing  nmethod 0x000002044a068610
Event: 30.567 Thread 0x000002045d4ff690 flushing  nmethod 0x000002044a077990
Event: 30.567 Thread 0x000002045d4ff690 flushing  nmethod 0x000002044a086990
Event: 30.567 Thread 0x000002045d4ff690 flushing  nmethod 0x000002044a086e90
Event: 30.567 Thread 0x000002045d4ff690 flushing  nmethod 0x000002044a087410
Event: 30.567 Thread 0x000002045d4ff690 flushing  nmethod 0x000002044a08b010
Event: 30.567 Thread 0x000002045d4ff690 flushing  nmethod 0x000002044a090490
Event: 30.567 Thread 0x000002045d4ff690 flushing  nmethod 0x000002044a094f10
Event: 30.567 Thread 0x000002045d4ff690 flushing osr nmethod 0x000002044a0fd590

Events (20 events):
Event: 41.356 Thread 0x0000020464886eb0 Thread exited: 0x0000020464886eb0
Event: 41.990 Thread 0x000002045d586660 Thread added: 0x0000020464886eb0
Event: 42.623 Thread 0x0000020464886eb0 Thread exited: 0x0000020464886eb0
Event: 42.658 Thread 0x000002045d586660 Thread added: 0x0000020464886eb0
Event: 47.976 Thread 0x0000020464886eb0 Thread exited: 0x0000020464886eb0
Event: 95.805 Thread 0x0000020464a5e9e0 Thread exited: 0x0000020464a5e9e0
Event: 95.805 Thread 0x0000020464a5e350 Thread exited: 0x0000020464a5e350
Event: 95.936 Thread 0x0000020464a5d630 Thread exited: 0x0000020464a5d630
Event: 100.770 Thread 0x0000020464a580e0 Thread exited: 0x0000020464a580e0
Event: 101.465 Thread 0x0000020464a58e00 Thread exited: 0x0000020464a58e00
Event: 102.432 Thread 0x0000020463493710 Thread exited: 0x0000020463493710
Event: 102.433 Thread 0x0000020463492360 Thread exited: 0x0000020463492360
Event: 102.698 Thread 0x0000020465e6c910 Thread exited: 0x0000020465e6c910
Event: 155.821 Thread 0x0000020464a5cfa0 Thread exited: 0x0000020464a5cfa0
Event: 162.703 Thread 0x0000020465e6b560 Thread exited: 0x0000020465e6b560
Event: 215.824 Thread 0x0000020464a5bbf0 Thread exited: 0x0000020464a5bbf0
Event: 222.706 Thread 0x0000020465e6bbf0 Thread exited: 0x0000020465e6bbf0
Event: 329.708 Thread 0x0000020463495150 Thread added: 0x0000020465e6c910
Event: 329.741 Thread 0x0000020465e6c910 Thread exited: 0x0000020465e6c910
Event: 329.841 Thread 0x0000020463495150 Thread added: 0x0000020465e6c910


Dynamic libraries:
0x00007ff72b600000 - 0x00007ff72b60e000 	c:\Users\akbop\.vscode\extensions\redhat.java-1.52.0-win32-x64\jre\21.0.9-win32-x86_64\bin\java.exe
0x00007ffaac7c0000 - 0x00007ffaaca28000 	C:\WINDOWS\SYSTEM32\ntdll.dll
0x00007ffaab940000 - 0x00007ffaaba09000 	C:\WINDOWS\System32\KERNEL32.DLL
0x00007ffaaa020000 - 0x00007ffaaa411000 	C:\WINDOWS\System32\KERNELBASE.dll
0x00007ffaa9580000 - 0x00007ffaa96cb000 	C:\WINDOWS\System32\ucrtbase.dll
0x00007ffa93610000 - 0x00007ffa93628000 	c:\Users\akbop\.vscode\extensions\redhat.java-1.52.0-win32-x64\jre\21.0.9-win32-x86_64\bin\jli.dll
0x00007ffaabe50000 - 0x00007ffaac016000 	C:\WINDOWS\System32\USER32.dll
0x00007ffaa9780000 - 0x00007ffaa97a7000 	C:\WINDOWS\System32\win32u.dll
0x00007ffaaa710000 - 0x00007ffaaa73b000 	C:\WINDOWS\System32\GDI32.dll
0x00007ffaa9160000 - 0x00007ffaa928b000 	C:\WINDOWS\System32\gdi32full.dll
0x00007ffaaa420000 - 0x00007ffaaa4c3000 	C:\WINDOWS\System32\msvcp_win.dll
0x00007ffa92fb0000 - 0x00007ffa92fce000 	c:\Users\akbop\.vscode\extensions\redhat.java-1.52.0-win32-x64\jre\21.0.9-win32-x86_64\bin\VCRUNTIME140.dll
0x00007ffa94410000 - 0x00007ffa946a3000 	C:\WINDOWS\WinSxS\amd64_microsoft.windows.common-controls_6595b64144ccf1df_6.0.26100.7824_none_3e0870b2e3345462\COMCTL32.dll
0x00007ffaabbf0000 - 0x00007ffaabc99000 	C:\WINDOWS\System32\msvcrt.dll
0x00007ffaab320000 - 0x00007ffaab351000 	C:\WINDOWS\System32\IMM32.DLL
0x00007ffa98f40000 - 0x00007ffa98f4c000 	c:\Users\akbop\.vscode\extensions\redhat.java-1.52.0-win32-x64\jre\21.0.9-win32-x86_64\bin\vcruntime140_1.dll
0x00007ffa70700000 - 0x00007ffa7078d000 	c:\Users\akbop\.vscode\extensions\redhat.java-1.52.0-win32-x64\jre\21.0.9-win32-x86_64\bin\msvcp140.dll
0x00007ffa6ed40000 - 0x00007ffa6fae0000 	c:\Users\akbop\.vscode\extensions\redhat.java-1.52.0-win32-x64\jre\21.0.9-win32-x86_64\bin\server\jvm.dll
0x00007ffaabd90000 - 0x00007ffaabe44000 	C:\WINDOWS\System32\ADVAPI32.dll
0x00007ffaaa660000 - 0x00007ffaaa706000 	C:\WINDOWS\System32\sechost.dll
0x00007ffaac600000 - 0x00007ffaac718000 	C:\WINDOWS\System32\RPCRT4.dll
0x00007ffaab2a0000 - 0x00007ffaab314000 	C:\WINDOWS\System32\WS2_32.dll
0x00007ffaa8f20000 - 0x00007ffaa8f7e000 	C:\WINDOWS\SYSTEM32\POWRPROF.dll
0x00007ffaa1190000 - 0x00007ffaa11c5000 	C:\WINDOWS\SYSTEM32\WINMM.dll
0x00007ffaa2a20000 - 0x00007ffaa2a2b000 	C:\WINDOWS\SYSTEM32\VERSION.dll
0x00007ffaa8f00000 - 0x00007ffaa8f14000 	C:\WINDOWS\SYSTEM32\UMPDC.dll
0x00007ffaa7e00000 - 0x00007ffaa7e1b000 	C:\WINDOWS\SYSTEM32\kernel.appcore.dll
0x00007ffa93650000 - 0x00007ffa9365a000 	c:\Users\akbop\.vscode\extensions\redhat.java-1.52.0-win32-x64\jre\21.0.9-win32-x86_64\bin\jimage.dll
0x00007ffaa7140000 - 0x00007ffaa7382000 	C:\WINDOWS\SYSTEM32\DBGHELP.DLL
0x00007ffaab420000 - 0x00007ffaab7a6000 	C:\WINDOWS\System32\combase.dll
0x00007ffaabb10000 - 0x00007ffaabbe7000 	C:\WINDOWS\System32\OLEAUT32.dll
0x00007ffa8d430000 - 0x00007ffa8d46b000 	C:\WINDOWS\SYSTEM32\dbgcore.DLL
0x00007ffaa96d0000 - 0x00007ffaa9775000 	C:\WINDOWS\System32\bcryptPrimitives.dll
0x00007ffa92fa0000 - 0x00007ffa92faf000 	c:\Users\akbop\.vscode\extensions\redhat.java-1.52.0-win32-x64\jre\21.0.9-win32-x86_64\bin\instrument.dll
0x00007ffa92f80000 - 0x00007ffa92fa0000 	c:\Users\akbop\.vscode\extensions\redhat.java-1.52.0-win32-x64\jre\21.0.9-win32-x86_64\bin\java.dll
0x00007ffaaa920000 - 0x00007ffaab072000 	C:\WINDOWS\System32\SHELL32.dll
0x00007ffaa9410000 - 0x00007ffaa957a000 	C:\WINDOWS\System32\wintypes.dll
0x00007ffaa97b0000 - 0x00007ffaaa013000 	C:\WINDOWS\System32\windows.storage.dll
0x00007ffaaa560000 - 0x00007ffaaa656000 	C:\WINDOWS\System32\SHCORE.dll
0x00007ffaac590000 - 0x00007ffaac5f7000 	C:\WINDOWS\System32\shlwapi.dll
0x00007ffaa8fc0000 - 0x00007ffaa8fe9000 	C:\WINDOWS\SYSTEM32\profapi.dll
0x00007ffa92f60000 - 0x00007ffa92f78000 	c:\Users\akbop\.vscode\extensions\redhat.java-1.52.0-win32-x64\jre\21.0.9-win32-x86_64\bin\zip.dll
0x00007ffa92f30000 - 0x00007ffa92f40000 	C:\Users\akbop\.vscode\extensions\redhat.java-1.52.0-win32-x64\jre\21.0.9-win32-x86_64\bin\net.dll
0x00007ffaa2ad0000 - 0x00007ffaa2bf7000 	C:\WINDOWS\SYSTEM32\WINHTTP.dll
0x00007ffaa8350000 - 0x00007ffaa83bb000 	C:\WINDOWS\system32\mswsock.dll
0x00007ffa76270000 - 0x00007ffa76286000 	C:\Users\akbop\.vscode\extensions\redhat.java-1.52.0-win32-x64\jre\21.0.9-win32-x86_64\bin\nio.dll
0x00007ffa8f190000 - 0x00007ffa8f1a0000 	c:\Users\akbop\.vscode\extensions\redhat.java-1.52.0-win32-x64\jre\21.0.9-win32-x86_64\bin\verify.dll
0x00007ffa70560000 - 0x00007ffa705a5000 	C:\Users\akbop\AppData\Roaming\Code\User\globalStorage\redhat.java\1.52.0\config_win\org.eclipse.equinox.launcher\org.eclipse.equinox.launcher.win32.win32.x86_64_1.2.1500.v20260121-1430\eclipse_11919.dll
0x00007ffaab100000 - 0x00007ffaab297000 	C:\WINDOWS\System32\ole32.dll
0x00007ffaa8740000 - 0x00007ffaa875b000 	C:\WINDOWS\SYSTEM32\CRYPTSP.dll
0x00007ffaa7d60000 - 0x00007ffaa7d99000 	C:\WINDOWS\system32\rsaenh.dll
0x00007ffaa8400000 - 0x00007ffaa842b000 	C:\WINDOWS\SYSTEM32\USERENV.dll
0x00007ffaa8f90000 - 0x00007ffaa8fba000 	C:\WINDOWS\SYSTEM32\bcrypt.dll
0x00007ffaa85a0000 - 0x00007ffaa85ac000 	C:\WINDOWS\SYSTEM32\CRYPTBASE.dll
0x00007ffaa7800000 - 0x00007ffaa7834000 	C:\WINDOWS\SYSTEM32\IPHLPAPI.DLL
0x00007ffaab380000 - 0x00007ffaab38a000 	C:\WINDOWS\System32\NSI.dll
0x00007ffa70090000 - 0x00007ffa700d9000 	C:\Users\akbop\AppData\Local\Temp\jna-92866905\jna7507097400555678329.dll
0x00007ffaab930000 - 0x00007ffaab938000 	C:\WINDOWS\System32\PSAPI.DLL
0x00007ffaa2aa0000 - 0x00007ffaa2abe000 	C:\WINDOWS\SYSTEM32\dhcpcsvc6.DLL
0x00007ffaa2a70000 - 0x00007ffaa2a93000 	C:\WINDOWS\SYSTEM32\dhcpcsvc.DLL
0x00007ffa87210000 - 0x00007ffa8721e000 	C:\Users\akbop\.vscode\extensions\redhat.java-1.52.0-win32-x64\jre\21.0.9-win32-x86_64\bin\sunmscapi.dll
0x00007ffaa9290000 - 0x00007ffaa9407000 	C:\WINDOWS\System32\CRYPT32.dll
0x00007ffaa88a0000 - 0x00007ffaa88d0000 	C:\WINDOWS\SYSTEM32\ncrypt.dll
0x00007ffaa8850000 - 0x00007ffaa888f000 	C:\WINDOWS\SYSTEM32\NTASN1.dll
0x00007ffaa7890000 - 0x00007ffaa79bc000 	C:\WINDOWS\SYSTEM32\DNSAPI.dll
0x00007ffa92e10000 - 0x00007ffa92e1b000 	C:\Windows\System32\rasadhlp.dll
0x00007ffaa1b30000 - 0x00007ffaa1bb6000 	C:\WINDOWS\System32\fwpuclnt.dll
0x00007ffa73c90000 - 0x00007ffa73c99000 	C:\Users\akbop\.vscode\extensions\redhat.java-1.52.0-win32-x64\jre\21.0.9-win32-x86_64\bin\extnet.dll

JVMTI agents:
c:\Users\akbop\.vscode\extensions\redhat.java-1.52.0-win32-x64\lombok\lombok-1.18.39-4050.jar path:c:\Users\akbop\.vscode\extensions\redhat.java-1.52.0-win32-x64\jre\21.0.9-win32-x86_64\bin\instrument.dll, loaded, initialized, instrumentlib options:none

dbghelp: loaded successfully - version: 4.0.5 - missing functions: none
symbol engine: initialized successfully - sym options: 0x614 - pdb path: .;c:\Users\akbop\.vscode\extensions\redhat.java-1.52.0-win32-x64\jre\21.0.9-win32-x86_64\bin;C:\WINDOWS\SYSTEM32;C:\WINDOWS\WinSxS\amd64_microsoft.windows.common-controls_6595b64144ccf1df_6.0.26100.7824_none_3e0870b2e3345462;c:\Users\akbop\.vscode\extensions\redhat.java-1.52.0-win32-x64\jre\21.0.9-win32-x86_64\bin\server;C:\Users\akbop\AppData\Roaming\Code\User\globalStorage\redhat.java\1.52.0\config_win\org.eclipse.equinox.launcher\org.eclipse.equinox.launcher.win32.win32.x86_64_1.2.1500.v20260121-1430;C:\Users\akbop\AppData\Local\Temp\jna-92866905

VM Arguments:
jvm_args: --add-modules=ALL-SYSTEM --add-opens=java.base/java.util=ALL-UNNAMED --add-opens=java.base/java.lang=ALL-UNNAMED --add-opens=java.base/sun.nio.fs=ALL-UNNAMED -Declipse.application=org.eclipse.jdt.ls.core.id1 -Dosgi.bundles.defaultStartLevel=4 -Declipse.product=org.eclipse.jdt.ls.core.product -Djava.import.generatesMetadataFilesAtProjectRoot=false -DDetectVMInstallationsJob.disabled=true -Dfile.encoding=utf8 -XX:+UseParallelGC -XX:GCTimeRatio=4 -XX:AdaptiveSizePolicyWeight=90 -Dsun.zip.disableMemoryMapping=true -Xmx2G -Xms100m -Xlog:disable -javaagent:c:\Users\akbop\.vscode\extensions\redhat.java-1.52.0-win32-x64\lombok\lombok-1.18.39-4050.jar -XX:+HeapDumpOnOutOfMemoryError -XX:HeapDumpPath=c:\Users\akbop\AppData\Roaming\Code\User\workspaceStorage\3947d5d84609421009a2b6faa3e4a623\redhat.java -Daether.dependencyCollector.impl=bf 
java_command: c:\Users\akbop\.vscode\extensions\redhat.java-1.52.0-win32-x64\server\plugins\org.eclipse.equinox.launcher_1.7.100.v20251111-0406.jar -configuration c:\Users\akbop\AppData\Roaming\Code\User\globalStorage\redhat.java\1.52.0\config_win -data c:\Users\akbop\AppData\Roaming\Code\User\workspaceStorage\3947d5d84609421009a2b6faa3e4a623\redhat.java\jdt_ws --pipe=\\.\pipe\lsp-c77eb2157fc235a705adeee4922f9fb8-sock
java_class_path (initial): c:\Users\akbop\.vscode\extensions\redhat.java-1.52.0-win32-x64\server\plugins\org.eclipse.equinox.launcher_1.7.100.v20251111-0406.jar
Launcher Type: SUN_STANDARD

[Global flags]
    uintx AdaptiveSizePolicyWeight                 = 90                                        {product} {command line}
     intx CICompilerCount                          = 3                                         {product} {ergonomic}
    uintx GCTimeRatio                              = 4                                         {product} {command line}
     bool HeapDumpOnOutOfMemoryError               = true                                   {manageable} {command line}
    ccstr HeapDumpPath                             = c:\Users\akbop\AppData\Roaming\Code\User\workspaceStorage\3947d5d84609421009a2b6faa3e4a623\redhat.java         {manageable} {command line}
   size_t InitialHeapSize                          = 104857600                                 {product} {command line}
   size_t MaxHeapSize                              = 2147483648                                {product} {command line}
   size_t MaxNewSize                               = 715653120                                 {product} {ergonomic}
   size_t MinHeapDeltaBytes                        = 524288                                    {product} {ergonomic}
   size_t MinHeapSize                              = 104857600                                 {product} {command line}
   size_t NewSize                                  = 34603008                                  {product} {ergonomic}
    uintx NonNMethodCodeHeapSize                   = 5832780                                {pd product} {ergonomic}
    uintx NonProfiledCodeHeapSize                  = 122912730                              {pd product} {ergonomic}
   size_t OldSize                                  = 70254592                                  {product} {ergonomic}
    uintx ProfiledCodeHeapSize                     = 122912730                              {pd product} {ergonomic}
    uintx ReservedCodeCacheSize                    = 251658240                              {pd product} {ergonomic}
     bool SegmentedCodeCache                       = true                                      {product} {ergonomic}
   size_t SoftMaxHeapSize                          = 2147483648                             {manageable} {ergonomic}
     bool UseCompressedOops                        = true                           {product lp64_product} {ergonomic}
     bool UseLargePagesIndividualAllocation        = false                                  {pd product} {ergonomic}
     bool UseParallelGC                            = true                                      {product} {command line}

Logging:
Log output configuration:
 #0: stdout all=off uptime,level,tags foldmultilines=false
 #1: stderr all=off uptime,level,tags foldmultilines=false

Release file:
JAVA_VERSION="21.0.9" 
MODULES="java.base java.compiler java.datatransfer java.xml java.prefs java.desktop java.instrument java.logging java.management java.security.sasl java.naming java.rmi java.management.rmi java.net.http java.scripting java.security.jgss java.transaction.xa java.sql java.sql.rowset java.xml.crypto java.se java.smartcardio jdk.accessibility jdk.internal.jvmstat jdk.attach jdk.charsets jdk.internal.opt jdk.zipfs jdk.compiler jdk.crypto.ec jdk.crypto.cryptoki jdk.crypto.mscapi jdk.dynalink jdk.internal.ed jdk.editpad jdk.hotspot.agent jdk.httpserver jdk.internal.le jdk.internal.vm.ci jdk.internal.vm.compiler jdk.internal.vm.compiler.management jdk.jartool jdk.javadoc jdk.jcmd jdk.management jdk.management.agent jdk.jconsole jdk.jdeps jdk.jdwp.agent jdk.jdi jdk.jfr jdk.jshell jdk.jsobject jdk.jstatd jdk.localedata jdk.management.jfr jdk.naming.dns jdk.naming.rmi jdk.net jdk.nio.mapmode jdk.random jdk.sctp jdk.security.auth jdk.security.jgss jdk.unsupported jdk.unsupported.desktop jdk.xml.dom" 

Environment Variables:
PATH=C:\ProgramData\Oracle\Java\javapath;C:\Program Files\Common Files\Oracle\Java\javapath;C:\Program Files (x86)\Common Files\Oracle\Java\java8path;C:\WINDOWS\system32;C:\WINDOWS;C:\WINDOWS\System32\Wbem;C:\WINDOWS\System32\WindowsPowerShell\v1.0\;C:\WINDOWS\System32\OpenSSH\;C:\Program Files (x86)\Common Files\Intel\Shared Libraries\redist\intel64\compiler;C:\Program Files (x86)\NVIDIA Corporation\PhysX\Common;C:\Users\akbop\AppData\Local\Programs\Python\Python311\Scripts\;C:\Users\akbop\AppData\Local\Programs\Python\Python311\;C:\Users\akbop\AppData\Local\Microsoft\WindowsApps;C:\Users\akbop\AppData\Local\Programs\Microsoft VS Code\bin;C:\Program Files\nodejs\;C:\Program Files\dotnet\;C:\WINDOWS\system32;C:\WINDOWS;C:\WINDOWS\System32\Wbem;C:\WINDOWS\System32\WindowsPowerShell\v1.0\;C:\WINDOWS\System32\OpenSSH\;C:\apache-maven-3.9.11\bin;C:\Program Files\Git\cmd;C:\Users\akbop\AppData\Roaming\npm;C:\Users\akbop\AppData\Local\Pub\Cache\bin;C:\ffmpeg\ffmpeg-8.0-essentials_build\bin;;C:\Program Files\Docker\Docker\resources\bin;C:\Users\akbop\AppData\Local\Programs\Python\Python314\Scripts\;C:\Users\akbop\AppData\Local\Programs\Python\Python314\;C:\Program Files\PowerShell\7;C:\Program Files\Common Files\Oracle\Java\javapath;C:\Program Files\Eclipse Adoptium\jdk-21.0.8.9-hotspot\bin;C:\Program Files (x86)\Common Files\Oracle\Java\java8path;C:\WINDOWS\system32;C:\WINDOWS;C:\WINDOWS\System32\Wbem;C:\WINDOWS\System32\WindowsPowerShell\v1.0\;C:\WINDOWS\System32\OpenSSH\;C:\Program Files (x86)\Common Files\Intel\Shared Libraries\redist\intel64\compiler;C:\Program Files (x86)\NVIDIA Corporation\PhysX\Common;C:\Users\akbop\AppData\Local\Programs\Python\Python311\Scripts\;C:\Users\akbop\AppData\Local\Programs\Python\Python311\;C:\Users\akbop\AppData\Local\Microsoft\WindowsApps;C:\Users\akbop\AppData\Local\Programs\Microsoft VS Code\bin;C:\Program Files\nodejs\;C:\Program Files\dotnet\;C:\WINDOWS\system32;C:\WINDOWS;C:\WINDOWS\System32\Wbem;C:\WINDOWS\System32\WindowsPowerShell\v1.0\;C:\WINDOWS\System32\OpenSSH\;C:\ffmpeg\bin;C:\apache-maven-3.9.11\bin;C:\Program Files\Git\cmd;C:\Users\akbop\AppData\Roaming\npm;C:\Program Files\PowerShell\7;C:\flutter\bin\;C:;C:\Users\akbop\AppData\Local\Microsoft\WinGet\Links;C:\Program Files\JetBrains\IntelliJ IDEA 2025.3.1.1\bin
USERNAME=akbop
OS=Windows_NT
PROCESSOR_IDENTIFIER=AMD64 Family 23 Model 24 Stepping 1, AuthenticAMD
TMP=C:\Users\akbop\AppData\Local\Temp
TEMP=C:\Users\akbop\AppData\Local\Temp




Periodic native trim disabled

---------------  S Y S T E M  ---------------

OS:
 Windows 11 , 64 bit Build 26100 (10.0.26100.7705)
OS uptime: 0 days 0:07 hours
Hyper-V role detected

CPU: total 4 (initial active 4) (4 cores per cpu, 2 threads per core) family 23 model 24 stepping 1 microcode 0x8108109, cx8, cmov, fxsr, ht, mmx, 3dnowpref, sse, sse2, sse3, ssse3, sse4a, sse4.1, sse4.2, popcnt, lzcnt, tsc, tscinvbit, avx, avx2, aes, clmul, bmi1, bmi2, adx, sha, fma, vzeroupper, clflush, clflushopt, hv, rdtscp, f16c
Processor Information for the first 4 processors :
  Max Mhz: 2400, Current Mhz: 2400, Mhz Limit: 2400

Memory: 4k page, system-wide physical 6020M (434M free)
TotalPageFile size 10116M (AvailPageFile size 0M)
current process WorkingSet (physical memory assigned to process): 59M, peak: 341M
current process commit charge ("private bytes"): 362M, peak: 397M

vm_info: OpenJDK 64-Bit Server VM (21.0.9+10-LTS) for windows-amd64 JRE (21.0.9+10-LTS), built on 2025-10-21T00:00:00Z by "admin" with unknown MS VC++:1942

END.
