#
# There is insufficient memory for the Java Runtime Environment to continue.
# Native memory allocation (malloc) failed to allocate 1048576 bytes. Error detail: AllocateHeap
# Possible reasons:
#   The system is out of physical RAM or swap space
#   This process is running with CompressedOops enabled, and the Java Heap may be blocking the growth of the native heap
# Possible solutions:
#   Reduce memory load on the system
#   Increase physical memory or swap space
#   Check if swap backing store is full
#   Decrease Java heap size (-Xmx/-Xms)
#   Decrease number of Java threads
#   Decrease Java thread stack sizes (-Xss)
#   Set larger code cache with -XX:ReservedCodeCacheSize=
#   JVM is running with Unscaled Compressed Oops mode in which the Java heap is
#     placed in the first 4GB address space. The Java Heap base address is the
#     maximum limit for the native heap growth. Please use -XX:HeapBaseMinAddress
#     to set the Java Heap base and to place the Java Heap above 4GB virtual address.
# This output file may be truncated or incomplete.
#
#  Out of Memory Error (allocation.cpp:44), pid=10416, tid=15220
#
# JRE version: Java(TM) SE Runtime Environment (24.0.2+12) (build 24.0.2+12-54)
# Java VM: Java HotSpot(TM) 64-Bit Server VM (24.0.2+12-54, mixed mode, sharing, tiered, compressed oops, compressed class ptrs, parallel gc, windows-amd64)
# No core dump will be written. Minidumps are not enabled by default on client versions of Windows
#

---------------  S U M M A R Y ------------

Command Line: -Djdk.xml.maxGeneralEntitySizeLimit=0 -Djdk.xml.totalEntitySizeLimit=0 --add-modules=ALL-SYSTEM --add-opens=java.base/java.util=ALL-UNNAMED --add-opens=java.base/java.lang=ALL-UNNAMED --add-opens=java.base/sun.nio.fs=ALL-UNNAMED -Declipse.application=org.eclipse.jdt.ls.core.id1 -Dosgi.bundles.defaultStartLevel=4 -Declipse.product=org.eclipse.jdt.ls.core.product -Djava.import.generatesMetadataFilesAtProjectRoot=false -DDetectVMInstallationsJob.disabled=true -Dfile.encoding=utf8 -XX:+UseParallelGC -XX:GCTimeRatio=4 -XX:AdaptiveSizePolicyWeight=90 -Dsun.zip.disableMemoryMapping=true -Xmx2G -Xms100m -Xlog:disable -javaagent:c:\Users\akbop\.vscode\extensions\redhat.java-1.52.0-win32-x64\lombok\lombok-1.18.39-4050.jar -XX:+HeapDumpOnOutOfMemoryError -XX:HeapDumpPath=c:\Users\akbop\AppData\Roaming\Code\User\workspaceStorage\3947d5d84609421009a2b6faa3e4a623\redhat.java -Daether.dependencyCollector.impl=bf c:\Users\akbop\.vscode\extensions\redhat.java-1.52.0-win32-x64\server\plugins\org.eclipse.equinox.launcher_1.7.100.v20251111-0406.jar -configuration c:\Users\akbop\AppData\Roaming\Code\User\globalStorage\redhat.java\1.52.0\config_win -data c:\Users\akbop\AppData\Roaming\Code\User\workspaceStorage\3947d5d84609421009a2b6faa3e4a623\redhat.java\jdt_ws --pipe=\\.\pipe\lsp-8f6f728c0e23eafca4b67d1af6095141-sock

Host: AMD Athlon Gold 3150U with Radeon Graphics     , 4 cores, 5G,  Windows 11 , 64 bit Build 26100 (10.0.26100.7705)
Time: Tue Feb 24 15:04:26 2026 elapsed time: 2542.798386 seconds (0d 0h 42m 22s)

---------------  T H R E A D  ---------------

Current thread (0x0000023fd01381b0):  JavaThread "Attach Listener" daemon [_thread_in_vm, id=15220, stack(0x0000007a8c100000,0x0000007a8c200000) (1024K)]

Stack: [0x0000007a8c100000,0x0000007a8c200000]
Native frames: (J=compiled Java code, j=interpreted, Vv=VM code, C=native code)
V  [jvm.dll+0x730829]  (no source info available)
V  [jvm.dll+0x8d9da3]  (no source info available)
V  [jvm.dll+0x8dc28d]  (no source info available)
V  [jvm.dll+0x8dc903]  (no source info available)
V  [jvm.dll+0x2a9f56]  (no source info available)
V  [jvm.dll+0xbea27]  (no source info available)
V  [jvm.dll+0x73113f]  (no source info available)
V  [jvm.dll+0x14dd46]  (no source info available)
V  [jvm.dll+0x42f396]  (no source info available)
V  [jvm.dll+0x87d9eb]  (no source info available)
V  [jvm.dll+0x72ef45]  (no source info available)
C  [ucrtbase.dll+0x37b0]  (no source info available)
C  [KERNEL32.DLL+0x2e8d7]  (no source info available)
C  [ntdll.dll+0x8c40c]  (no source info available)

Lock stack of current Java thread (top to bottom):


---------------  P R O C E S S  ---------------

Threads class SMR info:
_java_thread_list=0x0000023fd7563ab0, length=36, elements={
0x0000023ff2c8bad0, 0x0000023fd012f470, 0x0000023fd0132d30, 0x0000023fd0135470,
0x0000023fd01381b0, 0x0000023fd01450c0, 0x0000023fd0147c00, 0x0000023fd0148b10,
0x0000023fd01a1510, 0x0000023fd519a690, 0x0000023fd51f3120, 0x0000023fd5a2d7f0,
0x0000023fd59558a0, 0x0000023fd5876ad0, 0x0000023fd58775e0, 0x0000023fd5c09210,
0x0000023fd5cd5250, 0x0000023fd60c7fc0, 0x0000023fd60c8e60, 0x0000023fd8470d50,
0x0000023fd84731e0, 0x0000023fd8470600, 0x0000023fd8474f20, 0x0000023fd8474080,
0x0000023fd8475670, 0x0000023fd84773b0, 0x0000023fd8477b00, 0x0000023fd8476510,
0x0000023fd91fd8f0, 0x0000023fd9201370, 0x0000023fd9202960, 0x0000023fd9202210,
0x0000023fd7aa7310, 0x0000023fd91fe790, 0x0000023fd91fd1a0, 0x0000023fd9201ac0
}

Java Threads: ( => current thread )
  0x0000023ff2c8bad0 JavaThread "main"                              [_thread_blocked, id=17052, stack(0x0000007a8ba00000,0x0000007a8bb00000) (1024K)]
  0x0000023fd012f470 JavaThread "Reference Handler"          daemon [_thread_blocked, id=14472, stack(0x0000007a8be00000,0x0000007a8bf00000) (1024K)]
  0x0000023fd0132d30 JavaThread "Finalizer"                  daemon [_thread_blocked, id=17208, stack(0x0000007a8bf00000,0x0000007a8c000000) (1024K)]
  0x0000023fd0135470 JavaThread "Signal Dispatcher"          daemon [_thread_blocked, id=11436, stack(0x0000007a8c000000,0x0000007a8c100000) (1024K)]
=>0x0000023fd01381b0 JavaThread "Attach Listener"            daemon [_thread_in_vm, id=15220, stack(0x0000007a8c100000,0x0000007a8c200000) (1024K)]
  0x0000023fd01450c0 JavaThread "Service Thread"             daemon [_thread_blocked, id=15588, stack(0x0000007a8c200000,0x0000007a8c300000) (1024K)]
  0x0000023fd0147c00 JavaThread "Monitor Deflation Thread"   daemon [_thread_blocked, id=10152, stack(0x0000007a8c300000,0x0000007a8c400000) (1024K)]
  0x0000023fd0148b10 JavaThread "C2 CompilerThread0"         daemon [_thread_blocked, id=13804, stack(0x0000007a8c400000,0x0000007a8c500000) (1024K)]
  0x0000023fd01a1510 JavaThread "C1 CompilerThread0"         daemon [_thread_blocked, id=9476, stack(0x0000007a8c500000,0x0000007a8c600000) (1024K)]
  0x0000023fd519a690 JavaThread "Common-Cleaner"             daemon [_thread_blocked, id=14548, stack(0x0000007a8c600000,0x0000007a8c700000) (1024K)]
  0x0000023fd51f3120 JavaThread "Notification Thread"        daemon [_thread_blocked, id=15528, stack(0x0000007a8c700000,0x0000007a8c800000) (1024K)]
  0x0000023fd5a2d7f0 JavaThread "Active Thread: Equinox Container: f3c9795c-22ed-4036-8529-34bd6c0d213f"        [_thread_blocked, id=14812, stack(0x0000007a8c800000,0x0000007a8c900000) (1024K)]
  0x0000023fd59558a0 JavaThread "Refresh Thread: Equinox Container: f3c9795c-22ed-4036-8529-34bd6c0d213f" daemon [_thread_blocked, id=16096, stack(0x0000007a8cc00000,0x0000007a8cd00000) (1024K)]
  0x0000023fd5876ad0 JavaThread "Framework Event Dispatcher: Equinox Container: f3c9795c-22ed-4036-8529-34bd6c0d213f" daemon [_thread_blocked, id=9292, stack(0x0000007a8cd00000,0x0000007a8ce00000) (1024K)]
  0x0000023fd58775e0 JavaThread "Start Level: Equinox Container: f3c9795c-22ed-4036-8529-34bd6c0d213f" daemon [_thread_blocked, id=6256, stack(0x0000007a8ce00000,0x0000007a8cf00000) (1024K)]
  0x0000023fd5c09210 JavaThread "Bundle File Closer"         daemon [_thread_blocked, id=15756, stack(0x0000007a8d000000,0x0000007a8d100000) (1024K)]
  0x0000023fd5cd5250 JavaThread "SCR Component Actor"        daemon [_thread_blocked, id=9328, stack(0x0000007a8cf00000,0x0000007a8d000000) (1024K)]
  0x0000023fd60c7fc0 JavaThread "Worker-JM"                         [_thread_blocked, id=10484, stack(0x0000007a8d100000,0x0000007a8d200000) (1024K)]
  0x0000023fd60c8e60 JavaThread "JNA Cleaner"                daemon [_thread_blocked, id=6584, stack(0x0000007a8d200000,0x0000007a8d300000) (1024K)]
  0x0000023fd8470d50 JavaThread "Java indexing"              daemon [_thread_blocked, id=10184, stack(0x0000007a8d700000,0x0000007a8d800000) (1024K)]
  0x0000023fd84731e0 JavaThread "Thread-1"                   daemon [_thread_in_native, id=13628, stack(0x0000007a8dc00000,0x0000007a8dd00000) (1024K)]
  0x0000023fd8470600 JavaThread "Thread-2"                   daemon [_thread_in_native, id=16752, stack(0x0000007a8dd00000,0x0000007a8de00000) (1024K)]
  0x0000023fd8474f20 JavaThread "Thread-3"                   daemon [_thread_in_native, id=15436, stack(0x0000007a8de00000,0x0000007a8df00000) (1024K)]
  0x0000023fd8474080 JavaThread "Thread-4"                   daemon [_thread_in_native, id=16540, stack(0x0000007a8df00000,0x0000007a8e000000) (1024K)]
  0x0000023fd8475670 JavaThread "Thread-5"                   daemon [_thread_in_native, id=5564, stack(0x0000007a8e000000,0x0000007a8e100000) (1024K)]
  0x0000023fd84773b0 JavaThread "pool-2-thread-1"                   [_thread_blocked, id=15324, stack(0x0000007a8e100000,0x0000007a8e200000) (1024K)]
  0x0000023fd8477b00 JavaThread "WorkspaceEventsHandler"            [_thread_blocked, id=15460, stack(0x0000007a8e200000,0x0000007a8e300000) (1024K)]
  0x0000023fd8476510 JavaThread "pool-1-thread-1"                   [_thread_blocked, id=14656, stack(0x0000007a8e300000,0x0000007a8e400000) (1024K)]
  0x0000023fd91fd8f0 JavaThread "Worker-5"                          [_thread_blocked, id=10908, stack(0x0000007a8d600000,0x0000007a8d700000) (1024K)]
  0x0000023fd9201370 JavaThread "Java Debug Server"          daemon [_thread_in_native, id=16396, stack(0x0000007a8d500000,0x0000007a8d600000) (1024K)]
  0x0000023fd9202960 JavaThread "RxSchedulerPurge-1"         daemon [_thread_blocked, id=3576, stack(0x0000007a8d900000,0x0000007a8da00000) (1024K)]
  0x0000023fd9202210 JavaThread "RxCachedWorkerPoolEvictor-1" daemon [_thread_blocked, id=16176, stack(0x0000007a8da00000,0x0000007a8db00000) (1024K)]
  0x0000023fd7aa7310 JavaThread "Worker-6"                          [_thread_blocked, id=14368, stack(0x0000007a8b800000,0x0000007a8b900000) (1024K)]
  0x0000023fd91fe790 JavaThread "pool-4-thread-2"                   [_thread_in_native, id=13504, stack(0x0000007a8d400000,0x0000007a8d500000) (1024K)]
  0x0000023fd91fd1a0 JavaThread "RxNewThreadScheduler-3"     daemon [_thread_blocked, id=16620, stack(0x0000007a8d800000,0x0000007a8d900000) (1024K)]
  0x0000023fd9201ac0 JavaThread "process reaper (pid 4636)"  daemon [_thread_in_native, id=15840, stack(0x0000007a8db00000,0x0000007a8db20000) (128K)]
Total: 36

Other Threads:
  0x0000023ff516e2a0 VMThread "VM Thread"                           [id=1844, stack(0x0000007a8bd00000,0x0000007a8be00000) (1024K)]
  0x0000023fd00dca00 WatcherThread "VM Periodic Task Thread"        [id=4312, stack(0x0000007a8bc00000,0x0000007a8bd00000) (1024K)]
  0x0000023ff50d48c0 WorkerThread "GC Thread#0"                     [id=15948, stack(0x0000007a8bb00000,0x0000007a8bc00000) (1024K)]
  0x0000023fd5a49100 WorkerThread "GC Thread#1"                     [id=2596, stack(0x0000007a8c900000,0x0000007a8ca00000) (1024K)]
  0x0000023fd5823cf0 WorkerThread "GC Thread#2"                     [id=7800, stack(0x0000007a8ca00000,0x0000007a8cb00000) (1024K)]
  0x0000023fd5a693f0 WorkerThread "GC Thread#3"                     [id=10548, stack(0x0000007a8cb00000,0x0000007a8cc00000) (1024K)]
Total: 6

Threads with active compile tasks:
Total: 0

VM state: not at safepoint (normal execution)

VM Mutex/Monitor currently owned by a thread: None

Heap address: 0x0000000080000000, size: 2048 MB, Compressed Oops mode: 32-bit

CDS archive(s) mapped at: [0x0000023f8f000000-0x0000023f8fd40000-0x0000023f8fd40000), size 13893632, SharedBaseAddress: 0x0000023f8f000000, ArchiveRelocationMode: 1.
Compressed class space mapped at: 0x0000023f90000000-0x0000023fd0000000, reserved size: 1073741824
UseCompressedClassPointers 1, UseCompactObjectHeaders 0
Narrow klass pointer bits 32, Max shift 3
Narrow klass base: 0x0000023f8f000000, Narrow klass shift: 0
Encoding Range: [0x0000023f8f000000 - 0x000002408f000000), (4294967296 bytes)
Klass Range:    [0x0000023f8f000000 - 0x0000023fd0000000), (1090519040 bytes)
Klass ID Range:  [8 - 1090519033) (1090519025)

GC Precious Log:
 CardTable entry size: 512
 CPUs: 4 total, 4 available
 Memory: 6020M
 Large Page Support: Disabled
 NUMA Support: Disabled
 Compressed Oops: Enabled (32-bit)
 Alignments: Space 512K, Generation 512K, Heap 2M
 Heap Min Capacity: 100M
 Heap Initial Capacity: 100M
 Heap Max Capacity: 2G
 Pre-touch: Disabled
 Parallel Workers: 4

Heap:
 PSYoungGen      total 37888K, used 14820K [0x00000000d5580000, 0x00000000d7d00000, 0x0000000100000000)
  eden space 37376K, 38% used [0x00000000d5580000,0x00000000d63892d8,0x00000000d7a00000)
  from space 512K, 87% used [0x00000000d7b00000,0x00000000d7b70040,0x00000000d7b80000)
  to   space 1024K, 0% used [0x00000000d7c00000,0x00000000d7c00000,0x00000000d7d00000)
 ParOldGen       total 107008K, used 106869K [0x0000000080000000, 0x0000000086880000, 0x00000000d5580000)
  object space 107008K, 99% used [0x0000000080000000,0x000000008685d540,0x0000000086880000)
 Metaspace       used 70144K, committed 71616K, reserved 1114112K
  class space    used 6518K, committed 7104K, reserved 1048576K

Card table byte_map: [0x0000023ff4bc0000,0x0000023ff4fc0000] _byte_map_base: 0x0000023ff47c0000

Marking Bits: (ParMarkBitMap*) 0x00007ffdc18998d0
 Begin Bits: [0x0000023ffdc00000, 0x0000023fffc00000)

Polling page: 0x0000023ff2ef0000

Metaspace:

Usage:
  Non-class:     62.14 MB used.
      Class:      6.37 MB used.
       Both:     68.50 MB used.

Virtual space:
  Non-class space:       64.00 MB reserved,      63.00 MB ( 98%) committed,  1 nodes.
      Class space:        1.00 GB reserved,       6.94 MB ( <1%) committed,  1 nodes.
             Both:        1.06 GB reserved,      69.94 MB (  6%) committed. 

Chunk freelists:
   Non-Class:  608.00 KB
       Class:  8.88 MB
        Both:  9.48 MB

MaxMetaspaceSize: unlimited
CompressedClassSpaceSize: 1.00 GB
Initial GC threshold: 21.00 MB
Current GC threshold: 98.12 MB
CDS: on
 - commit_granule_bytes: 65536.
 - commit_granule_words: 8192.
 - virtual_space_node_default_size: 8388608.
 - enlarge_chunks_in_place: 1.
UseCompressedClassPointers 1, UseCompactObjectHeaders 0
Narrow klass pointer bits 32, Max shift 3
Narrow klass base: 0x0000023f8f000000, Narrow klass shift: 0
Encoding Range: [0x0000023f8f000000 - 0x000002408f000000), (4294967296 bytes)
Klass Range:    [0x0000023f8f000000 - 0x0000023fd0000000), (1090519040 bytes)
Klass ID Range:  [8 - 1090519033) (1090519025)


Internal statistics:

num_allocs_failed_limit: 17.
num_arena_births: 1006.
num_arena_deaths: 16.
num_vsnodes_births: 2.
num_vsnodes_deaths: 0.
num_space_committed: 1119.
num_space_uncommitted: 0.
num_chunks_returned_to_freelist: 41.
num_chunks_taken_from_freelist: 4234.
num_chunk_merges: 21.
num_chunk_splits: 2652.
num_chunks_enlarged: 1598.
num_inconsistent_stats: 0.

CodeHeap 'non-profiled nmethods': size=120064Kb used=6569Kb max_used=6569Kb free=113494Kb
 bounds [0x0000023f87ac0000, 0x0000023f88130000, 0x0000023f8f000000]
CodeHeap 'profiled nmethods': size=120000Kb used=23342Kb max_used=23342Kb free=96657Kb
 bounds [0x0000023f80000000, 0x0000023f816d0000, 0x0000023f87530000]
CodeHeap 'non-nmethods': size=5696Kb used=1493Kb max_used=1579Kb free=4202Kb
 bounds [0x0000023f87530000, 0x0000023f877a0000, 0x0000023f87ac0000]
CodeCache: size=245760Kb, used=31404Kb, max_used=31490Kb, free=214353Kb
 total_blobs=13127, nmethods=12333, adapters=698, full_count=0
Compilation: enabled, stopped_count=0, restarted_count=0

Compilation events (20 events):
Event: 2006.158 Thread 0x0000023fd0148b10 13116       4       java.util.concurrent.ThreadPoolExecutor::runStateAtLeast (11 bytes)
Event: 2006.158 Thread 0x0000023fd0148b10 nmethod 13116 0x0000023f88129688 code [0x0000023f88129780, 0x0000023f881297f0]
Event: 2013.598 Thread 0x0000023fd01a1510 13117       1       org.eclipse.osgi.internal.framework.EquinoxContainer::getStorage (5 bytes)
Event: 2013.599 Thread 0x0000023fd01a1510 nmethod 13117 0x0000023f88129988 code [0x0000023f88129a80, 0x0000023f88129b48]
Event: 2107.376 Thread 0x0000023fd01a1510 13118       3       java.util.HashSet::remove (20 bytes)
Event: 2107.377 Thread 0x0000023fd01a1510 nmethod 13118 0x0000023f816c9d88 code [0x0000023f816c9ea0, 0x0000023f816ca0c8]
Event: 2107.377 Thread 0x0000023fd01a1510 13119       1       org.eclipse.core.internal.jobs.InternalJob::setWaitQueueStamp (6 bytes)
Event: 2107.377 Thread 0x0000023fd01a1510 nmethod 13119 0x0000023f88129c88 code [0x0000023f88129d80, 0x0000023f88129e48]
Event: 2225.142 Thread 0x0000023fd01a1510 13120       3       java.util.concurrent.locks.AbstractQueuedSynchronizer$Node::getAndUnsetStatus (14 bytes)
Event: 2225.144 Thread 0x0000023fd01a1510 nmethod 13120 0x0000023f816ca108 code [0x0000023f816ca240, 0x0000023f816ca5d8]
Event: 2247.154 Thread 0x0000023fd0148b10 13121       4       java.util.concurrent.ScheduledThreadPoolExecutor::canRunInCurrentRunState (61 bytes)
Event: 2247.157 Thread 0x0000023fd0148b10 nmethod 13121 0x0000023f88129f88 code [0x0000023f8812a080, 0x0000023f8812a138]
Event: 2258.149 Thread 0x0000023fd0148b10 13122       4       java.util.concurrent.TimeUnit::convert (73 bytes)
Event: 2258.154 Thread 0x0000023fd0148b10 nmethod 13122 0x0000023f8812a288 code [0x0000023f8812a3a0, 0x0000023f8812a520]
Event: 2426.087 Thread 0x0000023fd01a1510 13123       3       org.eclipse.core.internal.resources.AliasManager$HashMapWithSortedKeys::get (9 bytes)
Event: 2426.088 Thread 0x0000023fd01a1510 nmethod 13123 0x0000023f816ca608 code [0x0000023f816ca720, 0x0000023f816ca8f0]
Event: 2426.088 Thread 0x0000023fd01a1510 13124       3       org.eclipse.core.internal.filesystem.local.LocalFile::hashCode (25 bytes)
Event: 2426.093 Thread 0x0000023fd01a1510 nmethod 13124 0x0000023f816ca908 code [0x0000023f816caa60, 0x0000023f816cadf0]
Event: 2426.095 Thread 0x0000023fd01a1510 13125       3       org.eclipse.core.internal.resources.AliasManager::findResources (34 bytes)
Event: 2426.097 Thread 0x0000023fd01a1510 nmethod 13125 0x0000023f816cae88 code [0x0000023f816cb040, 0x0000023f816cbaa0]

GC Heap History (20 events):
Event: 847.885 GC heap before
{Heap before GC invocations=53 (full 3):
 PSYoungGen      total 29184K, used 6689K [0x00000000d5580000, 0x00000000d7a00000, 0x0000000100000000)
  eden space 28160K, 20% used [0x00000000d5580000,0x00000000d5b10480,0x00000000d7100000)
  from space 1024K, 96% used [0x00000000d7580000,0x00000000d7678010,0x00000000d7680000)
  to   space 4608K, 0% used [0x00000000d7100000,0x00000000d7100000,0x00000000d7580000)
 ParOldGen       total 86016K, used 85921K [0x0000000080000000, 0x0000000085400000, 0x00000000d5580000)
  object space 86016K, 99% used [0x0000000080000000,0x00000000853e8438,0x0000000085400000)
 Metaspace       used 59057K, committed 60288K, reserved 1114112K
  class space    used 5364K, committed 5888K, reserved 1048576K
}
Event: 848.122 GC heap after
{Heap after GC invocations=53 (full 3):
 PSYoungGen      total 29184K, used 0K [0x00000000d5580000, 0x00000000d7a00000, 0x0000000100000000)
  eden space 28160K, 0% used [0x00000000d5580000,0x00000000d5580000,0x00000000d7100000)
  from space 1024K, 0% used [0x00000000d7580000,0x00000000d7580000,0x00000000d7680000)
  to   space 4608K, 0% used [0x00000000d7100000,0x00000000d7100000,0x00000000d7580000)
 ParOldGen       total 86016K, used 68210K [0x0000000080000000, 0x0000000085400000, 0x00000000d5580000)
  object space 86016K, 79% used [0x0000000080000000,0x000000008429c9a8,0x0000000085400000)
 Metaspace       used 59055K, committed 60288K, reserved 1114112K
  class space    used 5363K, committed 5888K, reserved 1048576K
}
Event: 849.303 GC heap before
{Heap before GC invocations=54 (full 3):
 PSYoungGen      total 29184K, used 27998K [0x00000000d5580000, 0x00000000d7a00000, 0x0000000100000000)
  eden space 28160K, 99% used [0x00000000d5580000,0x00000000d70d7a80,0x00000000d7100000)
  from space 1024K, 0% used [0x00000000d7580000,0x00000000d7580000,0x00000000d7680000)
  to   space 4608K, 0% used [0x00000000d7100000,0x00000000d7100000,0x00000000d7580000)
 ParOldGen       total 86016K, used 68210K [0x0000000080000000, 0x0000000085400000, 0x00000000d5580000)
  object space 86016K, 79% used [0x0000000080000000,0x000000008429c9a8,0x0000000085400000)
 Metaspace       used 60704K, committed 62016K, reserved 1114112K
  class space    used 5516K, committed 6016K, reserved 1048576K
}
Event: 849.307 GC heap after
{Heap after GC invocations=54 (full 3):
 PSYoungGen      total 32256K, used 4514K [0x00000000d5580000, 0x00000000d7a80000, 0x0000000100000000)
  eden space 27648K, 0% used [0x00000000d5580000,0x00000000d5580000,0x00000000d7080000)
  from space 4608K, 97% used [0x00000000d7100000,0x00000000d7568af8,0x00000000d7580000)
  to   space 5120K, 0% used [0x00000000d7580000,0x00000000d7580000,0x00000000d7a80000)
 ParOldGen       total 86016K, used 68218K [0x0000000080000000, 0x0000000085400000, 0x00000000d5580000)
  object space 86016K, 79% used [0x0000000080000000,0x000000008429e9a8,0x0000000085400000)
 Metaspace       used 60704K, committed 62016K, reserved 1114112K
  class space    used 5516K, committed 6016K, reserved 1048576K
}
Event: 850.337 GC heap before
{Heap before GC invocations=55 (full 3):
 PSYoungGen      total 32256K, used 32132K [0x00000000d5580000, 0x00000000d7a80000, 0x0000000100000000)
  eden space 27648K, 99% used [0x00000000d5580000,0x00000000d7078880,0x00000000d7080000)
  from space 4608K, 97% used [0x00000000d7100000,0x00000000d7568af8,0x00000000d7580000)
  to   space 5120K, 0% used [0x00000000d7580000,0x00000000d7580000,0x00000000d7a80000)
 ParOldGen       total 86016K, used 68218K [0x0000000080000000, 0x0000000085400000, 0x00000000d5580000)
  object space 86016K, 79% used [0x0000000080000000,0x000000008429e9a8,0x0000000085400000)
 Metaspace       used 61413K, committed 62784K, reserved 1114112K
  class space    used 5588K, committed 6144K, reserved 1048576K
}
Event: 850.345 GC heap after
{Heap after GC invocations=55 (full 3):
 PSYoungGen      total 30720K, used 1365K [0x00000000d5580000, 0x00000000d7700000, 0x0000000100000000)
  eden space 29184K, 0% used [0x00000000d5580000,0x00000000d5580000,0x00000000d7200000)
  from space 1536K, 88% used [0x00000000d7580000,0x00000000d76d5528,0x00000000d7700000)
  to   space 2560K, 0% used [0x00000000d7200000,0x00000000d7200000,0x00000000d7480000)
 ParOldGen       total 86016K, used 71772K [0x0000000080000000, 0x0000000085400000, 0x00000000d5580000)
  object space 86016K, 83% used [0x0000000080000000,0x0000000084617360,0x0000000085400000)
 Metaspace       used 61413K, committed 62784K, reserved 1114112K
  class space    used 5588K, committed 6144K, reserved 1048576K
}
Event: 851.343 GC heap before
{Heap before GC invocations=56 (full 3):
 PSYoungGen      total 30720K, used 30549K [0x00000000d5580000, 0x00000000d7700000, 0x0000000100000000)
  eden space 29184K, 100% used [0x00000000d5580000,0x00000000d7200000,0x00000000d7200000)
  from space 1536K, 88% used [0x00000000d7580000,0x00000000d76d5528,0x00000000d7700000)
  to   space 2560K, 0% used [0x00000000d7200000,0x00000000d7200000,0x00000000d7480000)
 ParOldGen       total 86016K, used 71772K [0x0000000080000000, 0x0000000085400000, 0x00000000d5580000)
  object space 86016K, 83% used [0x0000000080000000,0x0000000084617360,0x0000000085400000)
 Metaspace       used 62595K, committed 63936K, reserved 1114112K
  class space    used 5686K, committed 6208K, reserved 1048576K
}
Event: 851.345 GC heap after
{Heap after GC invocations=56 (full 3):
 PSYoungGen      total 31744K, used 191K [0x00000000d5580000, 0x00000000d7680000, 0x0000000100000000)
  eden space 29184K, 0% used [0x00000000d5580000,0x00000000d5580000,0x00000000d7200000)
  from space 2560K, 7% used [0x00000000d7200000,0x00000000d722fd28,0x00000000d7480000)
  to   space 1024K, 0% used [0x00000000d7580000,0x00000000d7580000,0x00000000d7680000)
 ParOldGen       total 86016K, used 72206K [0x0000000080000000, 0x0000000085400000, 0x00000000d5580000)
  object space 86016K, 83% used [0x0000000080000000,0x0000000084683800,0x0000000085400000)
 Metaspace       used 62595K, committed 63936K, reserved 1114112K
  class space    used 5686K, committed 6208K, reserved 1048576K
}
Event: 854.511 GC heap before
{Heap before GC invocations=57 (full 3):
 PSYoungGen      total 31744K, used 29375K [0x00000000d5580000, 0x00000000d7680000, 0x0000000100000000)
  eden space 29184K, 100% used [0x00000000d5580000,0x00000000d7200000,0x00000000d7200000)
  from space 2560K, 7% used [0x00000000d7200000,0x00000000d722fd28,0x00000000d7480000)
  to   space 1024K, 0% used [0x00000000d7580000,0x00000000d7580000,0x00000000d7680000)
 ParOldGen       total 86016K, used 72206K [0x0000000080000000, 0x0000000085400000, 0x00000000d5580000)
  object space 86016K, 83% used [0x0000000080000000,0x0000000084683800,0x0000000085400000)
 Metaspace       used 66038K, committed 67456K, reserved 1114112K
  class space    used 6105K, committed 6720K, reserved 1048576K
}
Event: 854.514 GC heap after
{Heap after GC invocations=57 (full 3):
 PSYoungGen      total 31744K, used 929K [0x00000000d5580000, 0x00000000d7680000, 0x0000000100000000)
  eden space 30720K, 0% used [0x00000000d5580000,0x00000000d5580000,0x00000000d7380000)
  from space 1024K, 90% used [0x00000000d7580000,0x00000000d76685c0,0x00000000d7680000)
  to   space 1536K, 0% used [0x00000000d7380000,0x00000000d7380000,0x00000000d7500000)
 ParOldGen       total 86016K, used 72278K [0x0000000080000000, 0x0000000085400000, 0x00000000d5580000)
  object space 86016K, 84% used [0x0000000080000000,0x0000000084695800,0x0000000085400000)
 Metaspace       used 66038K, committed 67456K, reserved 1114112K
  class space    used 6105K, committed 6720K, reserved 1048576K
}
Event: 1266.613 GC heap before
{Heap before GC invocations=58 (full 3):
 PSYoungGen      total 31744K, used 31649K [0x00000000d5580000, 0x00000000d7680000, 0x0000000100000000)
  eden space 30720K, 100% used [0x00000000d5580000,0x00000000d7380000,0x00000000d7380000)
  from space 1024K, 90% used [0x00000000d7580000,0x00000000d76685c0,0x00000000d7680000)
  to   space 1536K, 0% used [0x00000000d7380000,0x00000000d7380000,0x00000000d7500000)
 ParOldGen       total 86016K, used 72278K [0x0000000080000000, 0x0000000085400000, 0x00000000d5580000)
  object space 86016K, 84% used [0x0000000080000000,0x0000000084695800,0x0000000085400000)
 Metaspace       used 67632K, committed 69056K, reserved 1114112K
  class space    used 6266K, committed 6848K, reserved 1048576K
}
Event: 1266.644 GC heap after
{Heap after GC invocations=58 (full 3):
 PSYoungGen      total 31744K, used 1520K [0x00000000d5580000, 0x00000000d8a00000, 0x0000000100000000)
  eden space 30208K, 0% used [0x00000000d5580000,0x00000000d5580000,0x00000000d7300000)
  from space 1536K, 98% used [0x00000000d7380000,0x00000000d74fc040,0x00000000d7500000)
  to   space 11776K, 0% used [0x00000000d7e80000,0x00000000d7e80000,0x00000000d8a00000)
 ParOldGen       total 86016K, used 80894K [0x0000000080000000, 0x0000000085400000, 0x00000000d5580000)
  object space 86016K, 94% used [0x0000000080000000,0x0000000084eff878,0x0000000085400000)
 Metaspace       used 67632K, committed 69056K, reserved 1114112K
  class space    used 6266K, committed 6848K, reserved 1048576K
}
Event: 1267.710 GC heap before
{Heap before GC invocations=59 (full 3):
 PSYoungGen      total 31744K, used 31728K [0x00000000d5580000, 0x00000000d8a00000, 0x0000000100000000)
  eden space 30208K, 100% used [0x00000000d5580000,0x00000000d7300000,0x00000000d7300000)
  from space 1536K, 98% used [0x00000000d7380000,0x00000000d74fc040,0x00000000d7500000)
  to   space 11776K, 0% used [0x00000000d7e80000,0x00000000d7e80000,0x00000000d8a00000)
 ParOldGen       total 86016K, used 80894K [0x0000000080000000, 0x0000000085400000, 0x00000000d5580000)
  object space 86016K, 94% used [0x0000000080000000,0x0000000084eff878,0x0000000085400000)
 Metaspace       used 68699K, committed 70080K, reserved 1114112K
  class space    used 6392K, committed 6976K, reserved 1048576K
}
Event: 1267.722 GC heap after
{Heap after GC invocations=59 (full 3):
 PSYoungGen      total 33280K, used 3507K [0x00000000d5580000, 0x00000000d8200000, 0x0000000100000000)
  eden space 29696K, 0% used [0x00000000d5580000,0x00000000d5580000,0x00000000d7280000)
  from space 3584K, 97% used [0x00000000d7e80000,0x00000000d81ecd38,0x00000000d8200000)
  to   space 6144K, 0% used [0x00000000d7600000,0x00000000d7600000,0x00000000d7c00000)
 ParOldGen       total 86016K, used 82397K [0x0000000080000000, 0x0000000085400000, 0x00000000d5580000)
  object space 86016K, 95% used [0x0000000080000000,0x0000000085077578,0x0000000085400000)
 Metaspace       used 68699K, committed 70080K, reserved 1114112K
  class space    used 6392K, committed 6976K, reserved 1048576K
}
Event: 1268.063 GC heap before
{Heap before GC invocations=60 (full 3):
 PSYoungGen      total 33280K, used 31586K [0x00000000d5580000, 0x00000000d8200000, 0x0000000100000000)
  eden space 29696K, 94% used [0x00000000d5580000,0x00000000d70ebe28,0x00000000d7280000)
  from space 3584K, 97% used [0x00000000d7e80000,0x00000000d81ecd38,0x00000000d8200000)
  to   space 6144K, 0% used [0x00000000d7600000,0x00000000d7600000,0x00000000d7c00000)
 ParOldGen       total 86016K, used 82397K [0x0000000080000000, 0x0000000085400000, 0x00000000d5580000)
  object space 86016K, 95% used [0x0000000080000000,0x0000000085077578,0x0000000085400000)
 Metaspace       used 69322K, committed 70784K, reserved 1114112K
  class space    used 6459K, committed 7040K, reserved 1048576K
}
Event: 1268.082 GC heap after
{Heap after GC invocations=60 (full 3):
 PSYoungGen      total 35328K, used 887K [0x00000000d5580000, 0x00000000d7f00000, 0x0000000100000000)
  eden space 29184K, 0% used [0x00000000d5580000,0x00000000d5580000,0x00000000d7200000)
  from space 6144K, 14% used [0x00000000d7600000,0x00000000d76ddc28,0x00000000d7c00000)
  to   space 2560K, 0% used [0x00000000d7c80000,0x00000000d7c80000,0x00000000d7f00000)
 ParOldGen       total 105984K, used 105012K [0x0000000080000000, 0x0000000086780000, 0x00000000d5580000)
  object space 105984K, 99% used [0x0000000080000000,0x000000008668d010,0x0000000086780000)
 Metaspace       used 69322K, committed 70784K, reserved 1114112K
  class space    used 6459K, committed 7040K, reserved 1048576K
}
Event: 1270.877 GC heap before
{Heap before GC invocations=61 (full 3):
 PSYoungGen      total 35328K, used 26955K [0x00000000d5580000, 0x00000000d7f00000, 0x0000000100000000)
  eden space 29184K, 89% used [0x00000000d5580000,0x00000000d6ef50c8,0x00000000d7200000)
  from space 6144K, 14% used [0x00000000d7600000,0x00000000d76ddc28,0x00000000d7c00000)
  to   space 2560K, 0% used [0x00000000d7c80000,0x00000000d7c80000,0x00000000d7f00000)
 ParOldGen       total 105984K, used 105012K [0x0000000080000000, 0x0000000086780000, 0x00000000d5580000)
  object space 105984K, 99% used [0x0000000080000000,0x000000008668d010,0x0000000086780000)
 Metaspace       used 69778K, committed 71232K, reserved 1114112K
  class space    used 6491K, committed 7104K, reserved 1048576K
}
Event: 1270.881 GC heap after
{Heap after GC invocations=61 (full 3):
 PSYoungGen      total 39936K, used 1360K [0x00000000d5580000, 0x00000000d7e00000, 0x0000000100000000)
  eden space 38400K, 0% used [0x00000000d5580000,0x00000000d5580000,0x00000000d7b00000)
  from space 1536K, 88% used [0x00000000d7c80000,0x00000000d7dd4010,0x00000000d7e00000)
  to   space 1536K, 0% used [0x00000000d7b00000,0x00000000d7b00000,0x00000000d7c80000)
 ParOldGen       total 105984K, used 105773K [0x0000000080000000, 0x0000000086780000, 0x00000000d5580000)
  object space 105984K, 99% used [0x0000000080000000,0x000000008674b4e0,0x0000000086780000)
 Metaspace       used 69778K, committed 71232K, reserved 1114112K
  class space    used 6491K, committed 7104K, reserved 1048576K
}
Event: 1625.775 GC heap before
{Heap before GC invocations=62 (full 3):
 PSYoungGen      total 39936K, used 39760K [0x00000000d5580000, 0x00000000d7e00000, 0x0000000100000000)
  eden space 38400K, 100% used [0x00000000d5580000,0x00000000d7b00000,0x00000000d7b00000)
  from space 1536K, 88% used [0x00000000d7c80000,0x00000000d7dd4010,0x00000000d7e00000)
  to   space 1536K, 0% used [0x00000000d7b00000,0x00000000d7b00000,0x00000000d7c80000)
 ParOldGen       total 105984K, used 105773K [0x0000000080000000, 0x0000000086780000, 0x00000000d5580000)
  object space 105984K, 99% used [0x0000000080000000,0x000000008674b4e0,0x0000000086780000)
 Metaspace       used 70124K, committed 71616K, reserved 1114112K
  class space    used 6518K, committed 7104K, reserved 1048576K
}
Event: 1625.781 GC heap after
{Heap after GC invocations=62 (full 3):
 PSYoungGen      total 37888K, used 448K [0x00000000d5580000, 0x00000000d7d00000, 0x0000000100000000)
  eden space 37376K, 0% used [0x00000000d5580000,0x00000000d5580000,0x00000000d7a00000)
  from space 512K, 87% used [0x00000000d7b00000,0x00000000d7b70040,0x00000000d7b80000)
  to   space 1024K, 0% used [0x00000000d7c00000,0x00000000d7c00000,0x00000000d7d00000)
 ParOldGen       total 107008K, used 106869K [0x0000000080000000, 0x0000000086880000, 0x00000000d5580000)
  object space 107008K, 99% used [0x0000000080000000,0x000000008685d540,0x0000000086880000)
 Metaspace       used 70124K, committed 71616K, reserved 1114112K
  class space    used 6518K, committed 7104K, reserved 1048576K
}

Dll operation events (12 events):
Event: 0.034 Loaded shared library C:\Program Files\Java\jdk-24\bin\java.dll
Event: 0.145 Loaded shared library C:\Program Files\Java\jdk-24\bin\jsvml.dll
Event: 0.321 Loaded shared library C:\Program Files\Java\jdk-24\bin\zip.dll
Event: 0.326 Loaded shared library C:\Program Files\Java\jdk-24\bin\instrument.dll
Event: 0.344 Loaded shared library C:\Program Files\Java\jdk-24\bin\net.dll
Event: 0.353 Loaded shared library C:\Program Files\Java\jdk-24\bin\nio.dll
Event: 0.360 Loaded shared library C:\Program Files\Java\jdk-24\bin\zip.dll
Event: 0.416 Loaded shared library C:\Program Files\Java\jdk-24\bin\jimage.dll
Event: 0.635 Loaded shared library C:\Program Files\Java\jdk-24\bin\verify.dll
Event: 3.658 Loaded shared library C:\Users\akbop\AppData\Roaming\Code\User\globalStorage\redhat.java\1.52.0\config_win\org.eclipse.equinox.launcher\org.eclipse.equinox.launcher.win32.win32.x86_64_1.2.1500.v20260121-1430\eclipse_11919.dll
Event: 7.194 Loaded shared library C:\Users\akbop\AppData\Local\Temp\jna-92866905\jna15589520917456424916.dll
Event: 851.902 Loaded shared library C:\Program Files\Java\jdk-24\bin\extnet.dll

Deoptimization events (20 events):
Event: 1565.999 Thread 0x0000023fd91fd8f0 Uncommon trap: trap_request=0xffffffde fr.pc=0x0000023f87fbb370 relative=0x00000000000002b0
Event: 1565.999 Thread 0x0000023fd91fd8f0 Uncommon trap: reason=class_check action=maybe_recompile pc=0x0000023f87fbb370 method=java.io.DataOutputStream.writeByte(I)V @ 5 c2
Event: 1565.999 Thread 0x0000023fd91fd8f0 DEOPT PACKING pc=0x0000023f87fbb370 sp=0x0000007a8d6ff110
Event: 1565.999 Thread 0x0000023fd91fd8f0 DEOPT UNPACKING pc=0x0000023f875a6782 sp=0x0000007a8d6ff0e8 mode 2
Event: 1565.999 Thread 0x0000023fd91fd8f0 Uncommon trap: trap_request=0xffffffde fr.pc=0x0000023f87fba064 relative=0x0000000000000384
Event: 1565.999 Thread 0x0000023fd91fd8f0 Uncommon trap: reason=class_check action=maybe_recompile pc=0x0000023f87fba064 method=java.io.DataOutputStream.writeInt(I)V @ 19 c2
Event: 1565.999 Thread 0x0000023fd91fd8f0 DEOPT PACKING pc=0x0000023f87fba064 sp=0x0000007a8d6fea10
Event: 1565.999 Thread 0x0000023fd91fd8f0 DEOPT UNPACKING pc=0x0000023f875a6782 sp=0x0000007a8d6fe9d8 mode 2
Event: 1566.006 Thread 0x0000023fd91fd8f0 Uncommon trap: trap_request=0xffffffc6 fr.pc=0x0000023f87f5856c relative=0x0000000000004c4c
Event: 1566.006 Thread 0x0000023fd91fd8f0 Uncommon trap: reason=bimorphic_or_optimized_type_check action=maybe_recompile pc=0x0000023f87f5856c method=java.util.Properties.load0(Ljava/util/Properties$LineReader;)V @ 241 c2
Event: 1566.006 Thread 0x0000023fd91fd8f0 DEOPT PACKING pc=0x0000023f87f5856c sp=0x0000007a8d6ff180
Event: 1566.006 Thread 0x0000023fd91fd8f0 DEOPT UNPACKING pc=0x0000023f875a6782 sp=0x0000007a8d6ff1c0 mode 2
Event: 1626.203 Thread 0x0000023fd91fd1a0 Uncommon trap: trap_request=0xffffffde fr.pc=0x0000023f87fad05c relative=0x0000000000000c7c
Event: 1626.203 Thread 0x0000023fd91fd1a0 Uncommon trap: reason=class_check action=maybe_recompile pc=0x0000023f87fad05c method=java.util.stream.ReduceOps.makeRef(Ljava/util/stream/Collector;)Ljava/util/stream/TerminalOp; @ 4 c2
Event: 1626.203 Thread 0x0000023fd91fd1a0 DEOPT PACKING pc=0x0000023f87fad05c sp=0x0000007a8d8fe9c0
Event: 1626.203 Thread 0x0000023fd91fd1a0 DEOPT UNPACKING pc=0x0000023f875a6782 sp=0x0000007a8d8fe900 mode 2
Event: 1626.203 Thread 0x0000023fd91fd1a0 Uncommon trap: trap_request=0xffffffde fr.pc=0x0000023f87fad05c relative=0x0000000000000c7c
Event: 1626.203 Thread 0x0000023fd91fd1a0 Uncommon trap: reason=class_check action=maybe_recompile pc=0x0000023f87fad05c method=java.util.stream.ReduceOps.makeRef(Ljava/util/stream/Collector;)Ljava/util/stream/TerminalOp; @ 4 c2
Event: 1626.203 Thread 0x0000023fd91fd1a0 DEOPT PACKING pc=0x0000023f87fad05c sp=0x0000007a8d8fe9c0
Event: 1626.203 Thread 0x0000023fd91fd1a0 DEOPT UNPACKING pc=0x0000023f875a6782 sp=0x0000007a8d8fe900 mode 2

Classes loaded (20 events):
Event: 1266.872 Loading class java/util/DualPivotQuicksort$SortOperation
Event: 1266.874 Loading class java/util/DualPivotQuicksort$SortOperation done
Event: 1268.105 Loading class java/nio/BufferMismatch
Event: 1268.105 Loading class java/nio/BufferMismatch done
Event: 1565.952 Loading class java/util/stream/Nodes$CollectorTask$OfRef
Event: 1565.952 Loading class java/util/stream/Nodes$CollectorTask
Event: 1565.953 Loading class java/util/stream/Nodes$CollectorTask done
Event: 1565.953 Loading class java/util/stream/Nodes$CollectorTask$OfRef done
Event: 1565.955 Loading class java/util/function/LongFunction
Event: 1565.956 Loading class java/util/function/LongFunction done
Event: 1565.956 Loading class java/util/stream/Nodes$ConcNode
Event: 1565.957 Loading class java/util/stream/Nodes$AbstractConcNode
Event: 1565.957 Loading class java/util/stream/Nodes$AbstractConcNode done
Event: 1565.957 Loading class java/util/stream/Nodes$ConcNode done
Event: 1565.961 Loading class java/io/ObjectOutputStream$BlockDataOutputStream
Event: 1565.961 Loading class java/io/ObjectOutputStream$BlockDataOutputStream done
Event: 1565.961 Loading class java/io/ObjectOutputStream$HandleTable
Event: 1565.962 Loading class java/io/ObjectOutputStream$HandleTable done
Event: 1565.962 Loading class java/io/ObjectOutputStream$ReplaceTable
Event: 1565.962 Loading class java/io/ObjectOutputStream$ReplaceTable done

Classes unloaded (8 events):
Event: 8.523 Thread 0x0000023ff516e2a0 Unloading class 0x0000023f90199800 'java/lang/invoke/LambdaForm$MH+0x0000023f90199800'
Event: 8.523 Thread 0x0000023ff516e2a0 Unloading class 0x0000023f90199400 'java/lang/invoke/LambdaForm$MH+0x0000023f90199400'
Event: 8.523 Thread 0x0000023ff516e2a0 Unloading class 0x0000023f90199000 'java/lang/invoke/LambdaForm$MH+0x0000023f90199000'
Event: 8.523 Thread 0x0000023ff516e2a0 Unloading class 0x0000023f90198c00 'java/lang/invoke/LambdaForm$MH+0x0000023f90198c00'
Event: 8.523 Thread 0x0000023ff516e2a0 Unloading class 0x0000023f90198800 'java/lang/invoke/LambdaForm$BMH+0x0000023f90198800'
Event: 8.523 Thread 0x0000023ff516e2a0 Unloading class 0x0000023f90198400 'java/lang/invoke/LambdaForm$DMH+0x0000023f90198400'
Event: 8.523 Thread 0x0000023ff516e2a0 Unloading class 0x0000023f90197000 'java/lang/invoke/LambdaForm$DMH+0x0000023f90197000'
Event: 847.940 Thread 0x0000023ff516e2a0 Unloading class 0x0000023f90504400 'java/lang/invoke/LambdaForm$DMH+0x0000023f90504400'

Classes redefined (0 events):
No events

Internal exceptions (20 events):
Event: 1626.130 Thread 0x0000023fd8475dc0 Exception <a 'java/io/IOException'{0x00000000d60c3e10}> (0x00000000d60c3e10) 
thrown [s\open\src\hotspot\share\prims\jni.cpp, line 518]
Event: 1626.131 Thread 0x0000023fd8475dc0 Exception <a 'java/io/IOException'{0x00000000d60c5c40}> (0x00000000d60c5c40) 
thrown [s\open\src\hotspot\share\prims\jni.cpp, line 518]
Event: 1626.132 Thread 0x0000023fd8475dc0 Exception <a 'java/io/IOException'{0x00000000d60c7ce0}> (0x00000000d60c7ce0) 
thrown [s\open\src\hotspot\share\prims\jni.cpp, line 518]
Event: 1626.133 Thread 0x0000023fd8475dc0 Exception <a 'java/io/IOException'{0x00000000d60c9b60}> (0x00000000d60c9b60) 
thrown [s\open\src\hotspot\share\prims\jni.cpp, line 518]
Event: 1626.135 Thread 0x0000023fd8475dc0 Exception <a 'java/io/IOException'{0x00000000d60cbcd0}> (0x00000000d60cbcd0) 
thrown [s\open\src\hotspot\share\prims\jni.cpp, line 518]
Event: 1626.136 Thread 0x0000023fd8475dc0 Exception <a 'java/io/IOException'{0x00000000d60cde50}> (0x00000000d60cde50) 
thrown [s\open\src\hotspot\share\prims\jni.cpp, line 518]
Event: 1626.137 Thread 0x0000023fd8475dc0 Exception <a 'java/io/IOException'{0x00000000d60d08e0}> (0x00000000d60d08e0) 
thrown [s\open\src\hotspot\share\prims\jni.cpp, line 518]
Event: 1626.138 Thread 0x0000023fd8475dc0 Exception <a 'java/io/IOException'{0x00000000d60d2848}> (0x00000000d60d2848) 
thrown [s\open\src\hotspot\share\prims\jni.cpp, line 518]
Event: 1626.139 Thread 0x0000023fd8475dc0 Exception <a 'java/io/IOException'{0x00000000d60d49a0}> (0x00000000d60d49a0) 
thrown [s\open\src\hotspot\share\prims\jni.cpp, line 518]
Event: 1626.140 Thread 0x0000023fd8475dc0 Exception <a 'java/io/IOException'{0x00000000d60d6868}> (0x00000000d60d6868) 
thrown [s\open\src\hotspot\share\prims\jni.cpp, line 518]
Event: 1626.141 Thread 0x0000023fd8475dc0 Exception <a 'java/io/IOException'{0x00000000d60d8c88}> (0x00000000d60d8c88) 
thrown [s\open\src\hotspot\share\prims\jni.cpp, line 518]
Event: 1626.142 Thread 0x0000023fd8475dc0 Exception <a 'java/io/IOException'{0x00000000d60dab30}> (0x00000000d60dab30) 
thrown [s\open\src\hotspot\share\prims\jni.cpp, line 518]
Event: 1626.152 Thread 0x0000023fd8475dc0 Exception <a 'sun/nio/fs/WindowsException'{0x00000000d619fac8}> (0x00000000d619fac8) 
thrown [s\open\src\hotspot\share\prims\jni.cpp, line 518]
Event: 1626.152 Thread 0x0000023fd8475dc0 Exception <a 'sun/nio/fs/WindowsException'{0x00000000d61a0338}> (0x00000000d61a0338) 
thrown [s\open\src\hotspot\share\prims\jni.cpp, line 518]
Event: 1626.153 Thread 0x0000023fd8475dc0 Exception <a 'sun/nio/fs/WindowsException'{0x00000000d61a1398}> (0x00000000d61a1398) 
thrown [s\open\src\hotspot\share\prims\jni.cpp, line 518]
Event: 1626.153 Thread 0x0000023fd8475dc0 Exception <a 'sun/nio/fs/WindowsException'{0x00000000d61a19c8}> (0x00000000d61a19c8) 
thrown [s\open\src\hotspot\share\prims\jni.cpp, line 518]
Event: 1626.200 Thread 0x0000023fd91fd1a0 Exception <a 'sun/nio/fs/WindowsException'{0x00000000d6268c08}> (0x00000000d6268c08) 
thrown [s\open\src\hotspot\share\prims\jni.cpp, line 518]
Event: 1626.201 Thread 0x0000023fd91fd1a0 Exception <a 'sun/nio/fs/WindowsException'{0x00000000d6269278}> (0x00000000d6269278) 
thrown [s\open\src\hotspot\share\prims\jni.cpp, line 518]
Event: 1626.286 Thread 0x0000023fd9203800 Exception <a 'sun/nio/fs/WindowsException'{0x00000000d627a688}> (0x00000000d627a688) 
thrown [s\open\src\hotspot\share\prims\jni.cpp, line 518]
Event: 1626.286 Thread 0x0000023fd9203800 Exception <a 'sun/nio/fs/WindowsException'{0x00000000d627acf0}> (0x00000000d627acf0) 
thrown [s\open\src\hotspot\share\prims\jni.cpp, line 518]

VM Operations (20 events):
Event: 2284.725 Executing VM operation: HandshakeAllThreads (HandshakeForDeflation)
Event: 2284.725 Executing VM operation: HandshakeAllThreads (HandshakeForDeflation) done
Event: 2284.726 Executing VM operation: RendezvousGCThreads
Event: 2284.726 Executing VM operation: RendezvousGCThreads done
Event: 2344.880 Executing VM operation: HandshakeAllThreads (HandshakeForDeflation)
Event: 2344.880 Executing VM operation: HandshakeAllThreads (HandshakeForDeflation) done
Event: 2344.880 Executing VM operation: RendezvousGCThreads
Event: 2344.880 Executing VM operation: RendezvousGCThreads done
Event: 2405.011 Executing VM operation: HandshakeAllThreads (HandshakeForDeflation)
Event: 2405.011 Executing VM operation: HandshakeAllThreads (HandshakeForDeflation) done
Event: 2405.011 Executing VM operation: RendezvousGCThreads
Event: 2405.011 Executing VM operation: RendezvousGCThreads done
Event: 2465.142 Executing VM operation: HandshakeAllThreads (HandshakeForDeflation)
Event: 2465.142 Executing VM operation: HandshakeAllThreads (HandshakeForDeflation) done
Event: 2465.142 Executing VM operation: RendezvousGCThreads
Event: 2465.142 Executing VM operation: RendezvousGCThreads done
Event: 2525.352 Executing VM operation: HandshakeAllThreads (HandshakeForDeflation)
Event: 2525.352 Executing VM operation: HandshakeAllThreads (HandshakeForDeflation) done
Event: 2525.353 Executing VM operation: RendezvousGCThreads
Event: 2525.353 Executing VM operation: RendezvousGCThreads done

Memory protections (0 events):
No events

Nmethod flushes (20 events):
Event: 848.005 Thread 0x0000023ff516e2a0 flushing  nmethod 0x0000023f80844c08
Event: 848.005 Thread 0x0000023ff516e2a0 flushing  nmethod 0x0000023f80845008
Event: 848.005 Thread 0x0000023ff516e2a0 flushing  nmethod 0x0000023f80845388
Event: 848.005 Thread 0x0000023ff516e2a0 flushing  nmethod 0x0000023f80845688
Event: 848.005 Thread 0x0000023ff516e2a0 flushing  nmethod 0x0000023f80845a08
Event: 848.005 Thread 0x0000023ff516e2a0 flushing  nmethod 0x0000023f80847108
Event: 848.005 Thread 0x0000023ff516e2a0 flushing  nmethod 0x0000023f80847888
Event: 848.005 Thread 0x0000023ff516e2a0 flushing  nmethod 0x0000023f8084ae08
Event: 848.005 Thread 0x0000023ff516e2a0 flushing  nmethod 0x0000023f8084d988
Event: 848.005 Thread 0x0000023ff516e2a0 flushing  nmethod 0x0000023f8084ea88
Event: 848.005 Thread 0x0000023ff516e2a0 flushing  nmethod 0x0000023f8085c488
Event: 848.005 Thread 0x0000023ff516e2a0 flushing  nmethod 0x0000023f80860208
Event: 848.005 Thread 0x0000023ff516e2a0 flushing  nmethod 0x0000023f80867808
Event: 848.005 Thread 0x0000023ff516e2a0 flushing  nmethod 0x0000023f80878808
Event: 848.005 Thread 0x0000023ff516e2a0 flushing  nmethod 0x0000023f8088b788
Event: 848.005 Thread 0x0000023ff516e2a0 flushing  nmethod 0x0000023f80890908
Event: 848.005 Thread 0x0000023ff516e2a0 flushing  nmethod 0x0000023f808b5188
Event: 848.005 Thread 0x0000023ff516e2a0 flushing  nmethod 0x0000023f808bdd08
Event: 848.005 Thread 0x0000023ff516e2a0 flushing  nmethod 0x0000023f808c1408
Event: 848.005 Thread 0x0000023ff516e2a0 flushing  nmethod 0x0000023f808e7188

Events (20 events):
Event: 1327.154 Thread 0x0000023fd7aa6bc0 Thread exited: 0x0000023fd7aa6bc0
Event: 1330.504 Thread 0x0000023fd8475dc0 Thread exited: 0x0000023fd8475dc0
Event: 1330.688 Thread 0x0000023fd60c7120 Thread exited: 0x0000023fd60c7120
Event: 1565.948 Thread 0x0000023fd91fd8f0 Thread added: 0x0000023fd8475dc0
Event: 1565.958 Thread 0x0000023fd8475dc0 Thread exited: 0x0000023fd8475dc0
Event: 1565.989 Thread 0x0000023fd91fd8f0 Thread added: 0x0000023fd8475dc0
Event: 1565.991 Thread 0x0000023fd8475dc0 Thread exited: 0x0000023fd8475dc0
Event: 1566.217 Thread 0x0000023fd7aa5d20 Thread exited: 0x0000023fd7aa5d20
Event: 1567.047 Thread 0x0000023fd91fd1a0 Thread exited: 0x0000023fd91fd1a0
Event: 1618.984 Thread 0x0000023fd8476510 Thread added: 0x0000023fd8475dc0
Event: 1625.747 Thread 0x0000023fd8475dc0 Thread added: 0x0000023fd8476c60
Event: 1626.177 Thread 0x0000023fd9201370 Thread added: 0x0000023fd91fe790
Event: 1626.188 Thread 0x0000023fd91fe790 Thread added: 0x0000023fd91fd1a0
Event: 1626.204 Thread 0x0000023fd91fd1a0 Thread added: 0x0000023fd92030b0
Event: 1626.283 Thread 0x0000023fd91fe790 Thread added: 0x0000023fd9203800
Event: 1626.283 Thread 0x0000023fd92030b0 Thread exited: 0x0000023fd92030b0
Event: 1626.725 Thread 0x0000023fd9203800 Thread added: 0x0000023fd9201ac0
Event: 1626.727 Thread 0x0000023fd9203800 Thread exited: 0x0000023fd9203800
Event: 1686.537 Thread 0x0000023fd8475dc0 Thread exited: 0x0000023fd8475dc0
Event: 1686.568 Thread 0x0000023fd8476c60 Thread exited: 0x0000023fd8476c60


Dynamic libraries:
0x00007ff654bc0000 - 0x00007ff654bd0000 	C:\Program Files\Java\jdk-24\bin\java.exe
0x00007ffe377a0000 - 0x00007ffe37a08000 	C:\WINDOWS\SYSTEM32\ntdll.dll
0x00007ffe36000000 - 0x00007ffe360c9000 	C:\WINDOWS\System32\KERNEL32.DLL
0x00007ffe34130000 - 0x00007ffe34521000 	C:\WINDOWS\System32\KERNELBASE.dll
0x00007ffe353f0000 - 0x00007ffe3553b000 	C:\WINDOWS\System32\ucrtbase.dll
0x00007ffe246d0000 - 0x00007ffe246e6000 	C:\Program Files\Java\jdk-24\bin\jli.dll
0x00007ffe35bc0000 - 0x00007ffe35d86000 	C:\WINDOWS\System32\USER32.dll
0x00007ffe353c0000 - 0x00007ffe353e7000 	C:\WINDOWS\System32\win32u.dll
0x00007ffe355d0000 - 0x00007ffe355fb000 	C:\WINDOWS\System32\GDI32.dll
0x00007ffe35120000 - 0x00007ffe3524b000 	C:\WINDOWS\System32\gdi32full.dll
0x00007ffe34f20000 - 0x00007ffe34fc3000 	C:\WINDOWS\System32\msvcp_win.dll
0x00007ffe24430000 - 0x00007ffe2444b000 	C:\Program Files\Java\jdk-24\bin\VCRUNTIME140.dll
0x00007ffe26340000 - 0x00007ffe265d3000 	C:\WINDOWS\WinSxS\amd64_microsoft.windows.common-controls_6595b64144ccf1df_6.0.26100.7824_none_3e0870b2e3345462\COMCTL32.dll
0x00007ffe35b10000 - 0x00007ffe35bb9000 	C:\WINDOWS\System32\msvcrt.dll
0x00007ffe35d90000 - 0x00007ffe35dc1000 	C:\WINDOWS\System32\IMM32.DLL
0x00007ffe2f6e0000 - 0x00007ffe2f6ec000 	C:\Program Files\Java\jdk-24\bin\vcruntime140_1.dll
0x00007ffe01840000 - 0x00007ffe018ce000 	C:\Program Files\Java\jdk-24\bin\msvcp140.dll
0x00007ffdc0bd0000 - 0x00007ffdc1971000 	C:\Program Files\Java\jdk-24\bin\server\jvm.dll
0x00007ffe362b0000 - 0x00007ffe36364000 	C:\WINDOWS\System32\ADVAPI32.dll
0x00007ffe35ed0000 - 0x00007ffe35f76000 	C:\WINDOWS\System32\sechost.dll
0x00007ffe36a50000 - 0x00007ffe36b68000 	C:\WINDOWS\System32\RPCRT4.dll
0x00007ffe36800000 - 0x00007ffe36874000 	C:\WINDOWS\System32\WS2_32.dll
0x00007ffe33f00000 - 0x00007ffe33f5e000 	C:\WINDOWS\SYSTEM32\POWRPROF.dll
0x00007ffe2baa0000 - 0x00007ffe2bad5000 	C:\WINDOWS\SYSTEM32\WINMM.dll
0x00007ffe2d8a0000 - 0x00007ffe2d8ab000 	C:\WINDOWS\SYSTEM32\VERSION.dll
0x00007ffe33ee0000 - 0x00007ffe33ef4000 	C:\WINDOWS\SYSTEM32\UMPDC.dll
0x00007ffe32de0000 - 0x00007ffe32dfb000 	C:\WINDOWS\SYSTEM32\kernel.appcore.dll
0x00007ffe262b0000 - 0x00007ffe262ba000 	C:\Program Files\Java\jdk-24\bin\jimage.dll
0x00007ffe32250000 - 0x00007ffe32492000 	C:\WINDOWS\SYSTEM32\DBGHELP.DLL
0x00007ffe363a0000 - 0x00007ffe36726000 	C:\WINDOWS\System32\combase.dll
0x00007ffe35600000 - 0x00007ffe356d7000 	C:\WINDOWS\System32\OLEAUT32.dll
0x00007ffe1c120000 - 0x00007ffe1c15b000 	C:\WINDOWS\SYSTEM32\dbgcore.DLL
0x00007ffe34080000 - 0x00007ffe34125000 	C:\WINDOWS\System32\bcryptPrimitives.dll
0x00007ffe26290000 - 0x00007ffe2629f000 	C:\Program Files\Java\jdk-24\bin\instrument.dll
0x00007ffe15930000 - 0x00007ffe1594e000 	C:\Program Files\Java\jdk-24\bin\java.dll
0x00007ffe35790000 - 0x00007ffe35927000 	C:\WINDOWS\System32\ole32.dll
0x00007ffe37000000 - 0x00007ffe37752000 	C:\WINDOWS\System32\SHELL32.dll
0x00007ffe35250000 - 0x00007ffe353ba000 	C:\WINDOWS\System32\wintypes.dll
0x00007ffe34530000 - 0x00007ffe34d93000 	C:\WINDOWS\System32\windows.storage.dll
0x00007ffe36130000 - 0x00007ffe36226000 	C:\WINDOWS\System32\SHCORE.dll
0x00007ffe36230000 - 0x00007ffe36297000 	C:\WINDOWS\System32\shlwapi.dll
0x00007ffe33fa0000 - 0x00007ffe33fc9000 	C:\WINDOWS\SYSTEM32\profapi.dll
0x00007ffde6f50000 - 0x00007ffde7027000 	C:\Program Files\Java\jdk-24\bin\jsvml.dll
0x00007ffe158d0000 - 0x00007ffe158e7000 	C:\Program Files\Java\jdk-24\bin\zip.dll
0x00007ffe20b30000 - 0x00007ffe20b40000 	C:\Program Files\Java\jdk-24\bin\net.dll
0x00007ffe33330000 - 0x00007ffe3339b000 	C:\WINDOWS\system32\mswsock.dll
0x00007ffe0fa50000 - 0x00007ffe0fa66000 	C:\Program Files\Java\jdk-24\bin\nio.dll
0x00007ffe1e0e0000 - 0x00007ffe1e0f0000 	C:\Program Files\Java\jdk-24\bin\verify.dll
0x00007ffdf3520000 - 0x00007ffdf3565000 	C:\Users\akbop\AppData\Roaming\Code\User\globalStorage\redhat.java\1.52.0\config_win\org.eclipse.equinox.launcher\org.eclipse.equinox.launcher.win32.win32.x86_64_1.2.1500.v20260121-1430\eclipse_11919.dll
0x00007ffe33720000 - 0x00007ffe3373b000 	C:\WINDOWS\SYSTEM32\CRYPTSP.dll
0x00007ffe32d40000 - 0x00007ffe32d79000 	C:\WINDOWS\system32\rsaenh.dll
0x00007ffe333e0000 - 0x00007ffe3340b000 	C:\WINDOWS\SYSTEM32\USERENV.dll
0x00007ffe33f70000 - 0x00007ffe33f9a000 	C:\WINDOWS\SYSTEM32\bcrypt.dll
0x00007ffe33580000 - 0x00007ffe3358c000 	C:\WINDOWS\SYSTEM32\CRYPTBASE.dll
0x00007ffe327e0000 - 0x00007ffe32814000 	C:\WINDOWS\SYSTEM32\IPHLPAPI.DLL
0x00007ffe362a0000 - 0x00007ffe362aa000 	C:\WINDOWS\System32\NSI.dll
0x00007ffde7560000 - 0x00007ffde75a9000 	C:\Users\akbop\AppData\Local\Temp\jna-92866905\jna15589520917456424916.dll
0x00007ffe35540000 - 0x00007ffe35548000 	C:\WINDOWS\System32\PSAPI.DLL
0x00007ffe2d660000 - 0x00007ffe2d787000 	C:\WINDOWS\SYSTEM32\winhttp.dll
0x00007ffe2d4b0000 - 0x00007ffe2d4ce000 	C:\WINDOWS\SYSTEM32\dhcpcsvc6.DLL
0x00007ffe2d480000 - 0x00007ffe2d4a3000 	C:\WINDOWS\SYSTEM32\dhcpcsvc.DLL
0x00007ffe246c0000 - 0x00007ffe246c9000 	C:\Program Files\Java\jdk-24\bin\extnet.dll

JVMTI agents:
c:\Users\akbop\.vscode\extensions\redhat.java-1.52.0-win32-x64\lombok\lombok-1.18.39-4050.jar path:C:\Program Files\Java\jdk-24\bin\instrument.dll, loaded, initialized, instrumentlib options:none

dbghelp: loaded successfully - version: 4.0.5 - missing functions: none
symbol engine: initialized successfully - sym options: 0x614 - pdb path: .;C:\Program Files\Java\jdk-24\bin;C:\WINDOWS\SYSTEM32;C:\WINDOWS\WinSxS\amd64_microsoft.windows.common-controls_6595b64144ccf1df_6.0.26100.7824_none_3e0870b2e3345462;C:\Program Files\Java\jdk-24\bin\server;C:\Users\akbop\AppData\Roaming\Code\User\globalStorage\redhat.java\1.52.0\config_win\org.eclipse.equinox.launcher\org.eclipse.equinox.launcher.win32.win32.x86_64_1.2.1500.v20260121-1430;C:\Users\akbop\AppData\Local\Temp\jna-92866905

VM Arguments:
jvm_args: -Djdk.xml.maxGeneralEntitySizeLimit=0 -Djdk.xml.totalEntitySizeLimit=0 --add-modules=ALL-SYSTEM --add-opens=java.base/java.util=ALL-UNNAMED --add-opens=java.base/java.lang=ALL-UNNAMED --add-opens=java.base/sun.nio.fs=ALL-UNNAMED -Declipse.application=org.eclipse.jdt.ls.core.id1 -Dosgi.bundles.defaultStartLevel=4 -Declipse.product=org.eclipse.jdt.ls.core.product -Djava.import.generatesMetadataFilesAtProjectRoot=false -DDetectVMInstallationsJob.disabled=true -Dfile.encoding=utf8 -XX:+UseParallelGC -XX:GCTimeRatio=4 -XX:AdaptiveSizePolicyWeight=90 -Dsun.zip.disableMemoryMapping=true -Xmx2G -Xms100m -Xlog:disable -javaagent:c:\Users\akbop\.vscode\extensions\redhat.java-1.52.0-win32-x64\lombok\lombok-1.18.39-4050.jar -XX:+HeapDumpOnOutOfMemoryError -XX:HeapDumpPath=c:\Users\akbop\AppData\Roaming\Code\User\workspaceStorage\3947d5d84609421009a2b6faa3e4a623\redhat.java -Daether.dependencyCollector.impl=bf 
java_command: c:\Users\akbop\.vscode\extensions\redhat.java-1.52.0-win32-x64\server\plugins\org.eclipse.equinox.launcher_1.7.100.v20251111-0406.jar -configuration c:\Users\akbop\AppData\Roaming\Code\User\globalStorage\redhat.java\1.52.0\config_win -data c:\Users\akbop\AppData\Roaming\Code\User\workspaceStorage\3947d5d84609421009a2b6faa3e4a623\redhat.java\jdt_ws --pipe=\\.\pipe\lsp-8f6f728c0e23eafca4b67d1af6095141-sock
java_class_path (initial): c:\Users\akbop\.vscode\extensions\redhat.java-1.52.0-win32-x64\server\plugins\org.eclipse.equinox.launcher_1.7.100.v20251111-0406.jar
Launcher Type: SUN_STANDARD

[Global flags]
     uint AdaptiveSizePolicyWeight                 = 90                                        {product} {command line}
     intx CICompilerCount                          = 3                                         {product} {ergonomic}
     uint GCTimeRatio                              = 4                                         {product} {command line}
     bool HeapDumpOnOutOfMemoryError               = true                                   {manageable} {command line}
    ccstr HeapDumpPath                             = c:\Users\akbop\AppData\Roaming\Code\User\workspaceStorage\3947d5d84609421009a2b6faa3e4a623\redhat.java         {manageable} {command line}
   size_t InitialHeapSize                          = 104857600                                 {product} {command line}
   size_t MaxHeapSize                              = 2147483648                                {product} {command line}
   size_t MaxNewSize                               = 715653120                                 {product} {ergonomic}
   size_t MinHeapDeltaBytes                        = 524288                                    {product} {ergonomic}
   size_t MinHeapSize                              = 104857600                                 {product} {command line}
   size_t NewSize                                  = 34603008                                  {product} {ergonomic}
    uintx NonNMethodCodeHeapSize                   = 5832704                                {pd product} {ergonomic}
    uintx NonProfiledCodeHeapSize                  = 122945536                              {pd product} {ergonomic}
    uintx ProfiledCodeHeapSize                     = 122880000                              {pd product} {ergonomic}
    uintx ReservedCodeCacheSize                    = 251658240                              {pd product} {ergonomic}
     bool SegmentedCodeCache                       = true                                      {product} {ergonomic}
   size_t SoftMaxHeapSize                          = 2147483648                             {manageable} {ergonomic}
     bool UseCompressedOops                        = true                           {product lp64_product} {ergonomic}
     bool UseLargePagesIndividualAllocation        = false                                  {pd product} {ergonomic}
     bool UseParallelGC                            = true                                      {product} {command line}

Logging:
Log output configuration:
 #0: stdout all=off uptime,level,tags foldmultilines=false
 #1: stderr all=off uptime,level,tags foldmultilines=false

Environment Variables:
PATH=C:\ProgramData\Oracle\Java\javapath;C:\Program Files\Common Files\Oracle\Java\javapath;C:\Program Files (x86)\Common Files\Oracle\Java\java8path;C:\WINDOWS\system32;C:\WINDOWS;C:\WINDOWS\System32\Wbem;C:\WINDOWS\System32\WindowsPowerShell\v1.0\;C:\WINDOWS\System32\OpenSSH\;C:\Program Files (x86)\Common Files\Intel\Shared Libraries\redist\intel64\compiler;C:\Program Files (x86)\NVIDIA Corporation\PhysX\Common;C:\Users\akbop\AppData\Local\Programs\Python\Python311\Scripts\;C:\Users\akbop\AppData\Local\Programs\Python\Python311\;C:\Users\akbop\AppData\Local\Microsoft\WindowsApps;C:\Users\akbop\AppData\Local\Programs\Microsoft VS Code\bin;C:\Program Files\nodejs\;C:\Program Files\dotnet\;C:\WINDOWS\system32;C:\WINDOWS;C:\WINDOWS\System32\Wbem;C:\WINDOWS\System32\WindowsPowerShell\v1.0\;C:\WINDOWS\System32\OpenSSH\;C:\apache-maven-3.9.11\bin;C:\Program Files\Git\cmd;C:\Users\akbop\AppData\Roaming\npm;C:\Users\akbop\AppData\Local\Pub\Cache\bin;C:\ffmpeg\ffmpeg-8.0-essentials_build\bin;;C:\Program Files\Docker\Docker\resources\bin;C:\Users\akbop\AppData\Local\Programs\Python\Python314\Scripts\;C:\Users\akbop\AppData\Local\Programs\Python\Python314\;C:\Program Files\PowerShell\7;C:\Program Files\Common Files\Oracle\Java\javapath;C:\Program Files\Eclipse Adoptium\jdk-21.0.8.9-hotspot\bin;C:\Program Files (x86)\Common Files\Oracle\Java\java8path;C:\WINDOWS\system32;C:\WINDOWS;C:\WINDOWS\System32\Wbem;C:\WINDOWS\System32\WindowsPowerShell\v1.0\;C:\WINDOWS\System32\OpenSSH\;C:\Program Files (x86)\Common Files\Intel\Shared Libraries\redist\intel64\compiler;C:\Program Files (x86)\NVIDIA Corporation\PhysX\Common;C:\Users\akbop\AppData\Local\Programs\Python\Python311\Scripts\;C:\Users\akbop\AppData\Local\Programs\Python\Python311\;C:\Users\akbop\AppData\Local\Microsoft\WindowsApps;C:\Users\akbop\AppData\Local\Programs\Microsoft VS Code\bin;C:\Program Files\nodejs\;C:\Program Files\dotnet\;C:\WINDOWS\system32;C:\WINDOWS;C:\WINDOWS\System32\Wbem;C:\WINDOWS\System32\WindowsPowerShell\v1.0\;C:\WINDOWS\System32\OpenSSH\;C:\ffmpeg\bin;C:\apache-maven-3.9.11\bin;C:\Program Files\Git\cmd;C:\Users\akbop\AppData\Roaming\npm;C:\Program Files\PowerShell\7;C:\flutter\bin\;C:;C:\Users\akbop\AppData\Local\Microsoft\WinGet\Links;C:\Program Files\JetBrains\IntelliJ IDEA 2025.3.1.1\bin
USERNAME=akbop
OS=Windows_NT
PROCESSOR_IDENTIFIER=AMD64 Family 23 Model 24 Stepping 1, AuthenticAMD
TMP=C:\Users\akbop\AppData\Local\Temp
TEMP=C:\Users\akbop\AppData\Local\Temp




Periodic native trim disabled

---------------  S Y S T E M  ---------------

OS:
 Windows 11 , 64 bit Build 26100 (10.0.26100.7705)
OS uptime: 0 days 1:53 hours
Hyper-V role detected

CPU: total 4 (initial active 4) (4 cores per cpu, 2 threads per core) family 23 model 24 stepping 1 microcode 0x8108109, cx8, cmov, fxsr, ht, mmx, 3dnowpref, sse, sse2, sse3, ssse3, sse4a, sse4.1, sse4.2, popcnt, lzcnt, tsc, tscinvbit, avx, avx2, aes, clmul, bmi1, bmi2, adx, sha, fma, vzeroupper, clflush, clflushopt, hv, rdtscp, f16c
Processor Information for the first 4 processors :
  Max Mhz: 2400, Current Mhz: 2400, Mhz Limit: 2400

Memory: 4k page, system-wide physical 6020M (265M free)
TotalPageFile size 14212M (AvailPageFile size 92M)
current process WorkingSet (physical memory assigned to process): 13M, peak: 312M
current process commit charge ("private bytes"): 372M, peak: 402M

vm_info: Java HotSpot(TM) 64-Bit Server VM (24.0.2+12-54) for windows-amd64 JRE (24.0.2+12-54), built on 2025-07-08T12:10:27Z with MS VC++ 17.6 (VS2022)

END.
